STEP-0; EVENT position; UNIT ROVER-b8d86221-58cc-460c-9886-3fee6e69aa5d; POSITION [12,12]
STEP-1; EVENT position; UNIT ROVER-b8d86221-58cc-460c-9886-3fee6e69aa5d; POSITION [11,13]
STEP-2; EVENT position; UNIT ROVER-b8d86221-58cc-460c-9886-3fee6e69aa5d; POSITION [12,13]
STEP-3; EVENT position; UNIT ROVER-b8d86221-58cc-460c-9886-3fee6e69aa5d; POSITION [11,14]
STEP-4; EVENT position; UNIT ROVER-b8d86221-58cc-460c-9886-3fee6e69aa5d; POSITION [10,15]
STEP-5; EVENT position; UNIT ROVER-b8d86221-58cc-460c-9886-3fee6e69aa5d; POSITION [11,16]
STEP-6; EVENT position; UNIT ROVER-b8d86221-58cc-460c-9886-3fee6e69aa5d; POSITION [10,17]
STEP-7; EVENT position; UNIT ROVER-b8d86221-58cc-460c-9886-3fee6e69aa5d; POSITION [10,18]
STEP-8; EVENT position; UNIT ROVER-b8d86221-58cc-460c-9886-3fee6e69aa5d; POSITION [9,19]
STEP-9; EVENT position; UNIT ROVER-b8d86221-58cc-460c-9886-3fee6e69aa5d; POSITION [10,18]
STEP-10; EVENT position; UNIT ROVER-b8d86221-58cc-460c-9886-3fee6e69aa5d; POSITION [10,19]
STEP-11; EVENT position; UNIT ROVER-b8d86221-58cc-460c-9886-3fee6e69aa5d; POSITION [11,20]
STEP-12; EVENT position; UNIT ROVER-b8d86221-58cc-460c-9886-3fee6e69aa5d; POSITION [10,21]
STEP-13; EVENT position; UNIT ROVER-b8d86221-58cc-460c-9886-3fee6e69aa5d; POSITION [10,22]
STEP-14; EVENT position; UNIT ROVER-b8d86221-58cc-460c-9886-3fee6e69aa5d; POSITION [9,23]
STEP-15; EVENT position; UNIT ROVER-b8d86221-58cc-460c-9886-3fee6e69aa5d; POSITION [8,23]
STEP-16; EVENT position; UNIT ROVER-b8d86221-58cc-460c-9886-3fee6e69aa5d; POSITION [9,22]
STEP-17; EVENT position; UNIT ROVER-b8d86221-58cc-460c-9886-3fee6e69aa5d; POSITION [8,21]
STEP-18; EVENT position; UNIT ROVER-b8d86221-58cc-460c-9886-3fee6e69aa5d; POSITION [7,21]
STEP-19; EVENT position; UNIT ROVER-b8d86221-58cc-460c-9886-3fee6e69aa5d; POSITION [6,22]
STEP-20; EVENT position; UNIT ROVER-b8d86221-58cc-460c-9886-3fee6e69aa5d; POSITION [5,23]
STEP-21; EVENT position; UNIT ROVER-b8d86221-58cc-460c-9886-3fee6e69aa5d; POSITION [6,22]
STEP-22; EVENT position; UNIT ROVER-b8d86221-58cc-460c-9886-3fee6e69aa5d; POSITION [6,23]
STEP-23; EVENT position; UNIT ROVER-b8d86221-58cc-460c-9886-3fee6e69aa5d; POSITION [5,23]
STEP-24; EVENT position; UNIT ROVER-b8d86221-58cc-460c-9886-3fee6e69aa5d; POSITION [4,23]
STEP-25; EVENT position; UNIT ROVER-b8d86221-58cc-460c-9886-3fee6e69aa5d; POSITION [5,22]
STEP-26; EVENT position; UNIT ROVER-b8d86221-58cc-460c-9886-3fee6e69aa5d; POSITION [4,22]
STEP-27; EVENT position; UNIT ROVER-b8d86221-58cc-460c-9886-3fee6e69aa5d; POSITION [3,22]
STEP-28; EVENT position; UNIT ROVER-b8d86221-58cc-460c-9886-3fee6e69aa5d; POSITION [3,23]
STEP-29; EVENT position; UNIT ROVER-b8d86221-58cc-460c-9886-3fee6e69aa5d; POSITION [2,22]
STEP-30; EVENT position; UNIT ROVER-b8d86221-58cc-460c-9886-3fee6e69aa5d; POSITION [1,23]
STEP-31; EVENT position; UNIT ROVER-b8d86221-58cc-460c-9886-3fee6e69aa5d; POSITION [0,23]
STEP-32; EVENT position; UNIT ROVER-b8d86221-58cc-460c-9886-3fee6e69aa5d; POSITION [1,23]
STEP-33; EVENT position; UNIT ROVER-b8d86221-58cc-460c-9886-3fee6e69aa5d; POSITION [0,23]
STEP-34; EVENT position; UNIT ROVER-b8d86221-58cc-460c-9886-3fee6e69aa5d; POSITION [1,23]
STEP-35; EVENT position; UNIT ROVER-b8d86221-58cc-460c-9886-3fee6e69aa5d; POSITION [2,23]
EVENT outcome; OUTCOME NOT_COLONIZABLE_RESOURCES
STEP-0; EVENT position; UNIT ROVER-0be05daf-3e61-473d-bcec-af017f359dd0; POSITION [12,12]
STEP-1; EVENT position; UNIT ROVER-0be05daf-3e61-473d-bcec-af017f359dd0; POSITION [11,11]
STEP-2; EVENT position; UNIT ROVER-0be05daf-3e61-473d-bcec-af017f359dd0; POSITION [12,11]
STEP-3; EVENT position; UNIT ROVER-0be05daf-3e61-473d-bcec-af017f359dd0; POSITION [11,10]
STEP-4; EVENT position; UNIT ROVER-0be05daf-3e61-473d-bcec-af017f359dd0; POSITION [10,10]
STEP-5; EVENT position; UNIT ROVER-0be05daf-3e61-473d-bcec-af017f359dd0; POSITION [9,11]
STEP-6; EVENT position; UNIT ROVER-0be05daf-3e61-473d-bcec-af017f359dd0; POSITION [10,10]
STEP-7; EVENT position; UNIT ROVER-0be05daf-3e61-473d-bcec-af017f359dd0; POSITION [11,11]
STEP-8; EVENT position; UNIT ROVER-0be05daf-3e61-473d-bcec-af017f359dd0; POSITION [10,11]
STEP-9; EVENT position; UNIT ROVER-0be05daf-3e61-473d-bcec-af017f359dd0; POSITION [9,12]
STEP-10; EVENT position; UNIT ROVER-0be05daf-3e61-473d-bcec-af017f359dd0; POSITION [8,13]
STEP-11; EVENT position; UNIT ROVER-0be05daf-3e61-473d-bcec-af017f359dd0; POSITION [7,12]
STEP-12; EVENT position; UNIT ROVER-0be05daf-3e61-473d-bcec-af017f359dd0; POSITION [7,13]
STEP-13; EVENT position; UNIT ROVER-0be05daf-3e61-473d-bcec-af017f359dd0; POSITION [8,14]
STEP-14; EVENT position; UNIT ROVER-0be05daf-3e61-473d-bcec-af017f359dd0; POSITION [9,14]
STEP-15; EVENT position; UNIT ROVER-0be05daf-3e61-473d-bcec-af017f359dd0; POSITION [8,14]
STEP-16; EVENT position; UNIT ROVER-0be05daf-3e61-473d-bcec-af017f359dd0; POSITION [8,15]
STEP-17; EVENT position; UNIT ROVER-0be05daf-3e61-473d-bcec-af017f359dd0; POSITION [7,16]
STEP-18; EVENT position; UNIT ROVER-0be05daf-3e61-473d-bcec-af017f359dd0; POSITION [6,15]
STEP-19; EVENT position; UNIT ROVER-0be05daf-3e61-473d-bcec-af017f359dd0; POSITION [6,16]
STEP-20; EVENT position; UNIT ROVER-0be05daf-3e61-473d-bcec-af017f359dd0; POSITION [5,16]
STEP-21; EVENT position; UNIT ROVER-0be05daf-3e61-473d-bcec-af017f359dd0; POSITION [4,15]
STEP-22; EVENT position; UNIT ROVER-0be05daf-3e61-473d-bcec-af017f359dd0; POSITION [5,15]
STEP-23; EVENT position; UNIT ROVER-0be05daf-3e61-473d-bcec-af017f359dd0; POSITION [4,16]
STEP-24; EVENT position; UNIT ROVER-0be05daf-3e61-473d-bcec-af017f359dd0; POSITION [3,16]
STEP-25; EVENT position; UNIT ROVER-0be05daf-3e61-473d-bcec-af017f359dd0; POSITION [2,15]
STEP-26; EVENT position; UNIT ROVER-0be05daf-3e61-473d-bcec-af017f359dd0; POSITION [1,14]
STEP-27; EVENT position; UNIT ROVER-0be05daf-3e61-473d-bcec-af017f359dd0; POSITION [0,13]
STEP-28; EVENT position; UNIT ROVER-0be05daf-3e61-473d-bcec-af017f359dd0; POSITION [1,13]
STEP-29; EVENT position; UNIT ROVER-0be05daf-3e61-473d-bcec-af017f359dd0; POSITION [2,14]
STEP-30; EVENT position; UNIT ROVER-0be05daf-3e61-473d-bcec-af017f359dd0; POSITION [1,15]
STEP-31; EVENT position; UNIT ROVER-0be05daf-3e61-473d-bcec-af017f359dd0; POSITION [0,15]
STEP-32; EVENT position; UNIT ROVER-0be05daf-3e61-473d-bcec-af017f359dd0; POSITION [1,16]
STEP-33; EVENT position; UNIT ROVER-0be05daf-3e61-473d-bcec-af017f359dd0; POSITION [1,17]
STEP-34; EVENT position; UNIT ROVER-0be05daf-3e61-473d-bcec-af017f359dd0; POSITION [0,16]
STEP-35; EVENT position; UNIT ROVER-0be05daf-3e61-473d-bcec-af017f359dd0; POSITION [0,17]
STEP-36; EVENT position; UNIT ROVER-0be05daf-3e61-473d-bcec-af017f359dd0; POSITION [1,18]
STEP-37; EVENT position; UNIT ROVER-0be05daf-3e61-473d-bcec-af017f359dd0; POSITION [0,18]
STEP-38; EVENT position; UNIT ROVER-0be05daf-3e61-473d-bcec-af017f359dd0; POSITION [0,19]
STEP-39; EVENT position; UNIT ROVER-0be05daf-3e61-473d-bcec-af017f359dd0; POSITION [1,19]
STEP-40; EVENT position; UNIT ROVER-0be05daf-3e61-473d-bcec-af017f359dd0; POSITION [0,20]
STEP-41; EVENT position; UNIT ROVER-0be05daf-3e61-473d-bcec-af017f359dd0; POSITION [0,21]
STEP-42; EVENT position; UNIT ROVER-0be05daf-3e61-473d-bcec-af017f359dd0; POSITION [1,20]
EVENT outcome; OUTCOME NOT_COLONIZABLE_RESOURCES
STEP-0; EVENT position; UNIT ROVER-fb5f8cd3-ddb8-42d8-b343-1af476c1a96f; POSITION [12,12]
STEP-1; EVENT position; UNIT ROVER-fb5f8cd3-ddb8-42d8-b343-1af476c1a96f; POSITION [11,12]
STEP-0; EVENT position; UNIT ROVER-c4b7aaa5-e2ad-48dc-9ed3-e3ffbc9c2492; POSITION [12,12]
STEP-1; EVENT position; UNIT ROVER-c4b7aaa5-e2ad-48dc-9ed3-e3ffbc9c2492; POSITION [12,11]
STEP-2; EVENT position; UNIT ROVER-c4b7aaa5-e2ad-48dc-9ed3-e3ffbc9c2492; POSITION [13,12]
STEP-3; EVENT position; UNIT ROVER-c4b7aaa5-e2ad-48dc-9ed3-e3ffbc9c2492; POSITION [13,13]
STEP-4; EVENT position; UNIT ROVER-c4b7aaa5-e2ad-48dc-9ed3-e3ffbc9c2492; POSITION [14,13]
STEP-5; EVENT position; UNIT ROVER-c4b7aaa5-e2ad-48dc-9ed3-e3ffbc9c2492; POSITION [13,12]
STEP-6; EVENT position; UNIT ROVER-c4b7aaa5-e2ad-48dc-9ed3-e3ffbc9c2492; POSITION [13,13]
STEP-7; EVENT position; UNIT ROVER-c4b7aaa5-e2ad-48dc-9ed3-e3ffbc9c2492; POSITION [12,14]
STEP-8; EVENT position; UNIT ROVER-c4b7aaa5-e2ad-48dc-9ed3-e3ffbc9c2492; POSITION [11,15]
STEP-9; EVENT position; UNIT ROVER-c4b7aaa5-e2ad-48dc-9ed3-e3ffbc9c2492; POSITION [10,15]
STEP-10; EVENT position; UNIT ROVER-c4b7aaa5-e2ad-48dc-9ed3-e3ffbc9c2492; POSITION [11,15]
STEP-11; EVENT position; UNIT ROVER-c4b7aaa5-e2ad-48dc-9ed3-e3ffbc9c2492; POSITION [10,14]
STEP-12; EVENT position; UNIT ROVER-c4b7aaa5-e2ad-48dc-9ed3-e3ffbc9c2492; POSITION [9,13]
STEP-13; EVENT position; UNIT ROVER-c4b7aaa5-e2ad-48dc-9ed3-e3ffbc9c2492; POSITION [10,13]
STEP-14; EVENT position; UNIT ROVER-c4b7aaa5-e2ad-48dc-9ed3-e3ffbc9c2492; POSITION [9,14]
STEP-15; EVENT position; UNIT ROVER-c4b7aaa5-e2ad-48dc-9ed3-e3ffbc9c2492; POSITION [8,13]
STEP-16; EVENT position; UNIT ROVER-c4b7aaa5-e2ad-48dc-9ed3-e3ffbc9c2492; POSITION [7,14]
STEP-17; EVENT position; UNIT ROVER-c4b7aaa5-e2ad-48dc-9ed3-e3ffbc9c2492; POSITION [7,15]
STEP-18; EVENT position; UNIT ROVER-c4b7aaa5-e2ad-48dc-9ed3-e3ffbc9c2492; POSITION [6,16]
STEP-19; EVENT position; UNIT ROVER-c4b7aaa5-e2ad-48dc-9ed3-e3ffbc9c2492; POSITION [5,17]
STEP-20; EVENT position; UNIT ROVER-c4b7aaa5-e2ad-48dc-9ed3-e3ffbc9c2492; POSITION [4,16]
STEP-21; EVENT position; UNIT ROVER-c4b7aaa5-e2ad-48dc-9ed3-e3ffbc9c2492; POSITION [4,17]
STEP-22; EVENT position; UNIT ROVER-c4b7aaa5-e2ad-48dc-9ed3-e3ffbc9c2492; POSITION [4,18]
STEP-23; EVENT position; UNIT ROVER-c4b7aaa5-e2ad-48dc-9ed3-e3ffbc9c2492; POSITION [5,18]
STEP-24; EVENT position; UNIT ROVER-c4b7aaa5-e2ad-48dc-9ed3-e3ffbc9c2492; POSITION [5,19]
STEP-25; EVENT position; UNIT ROVER-c4b7aaa5-e2ad-48dc-9ed3-e3ffbc9c2492; POSITION [6,20]
STEP-26; EVENT position; UNIT ROVER-c4b7aaa5-e2ad-48dc-9ed3-e3ffbc9c2492; POSITION [7,20]
STEP-27; EVENT position; UNIT ROVER-c4b7aaa5-e2ad-48dc-9ed3-e3ffbc9c2492; POSITION [6,19]
STEP-28; EVENT position; UNIT ROVER-c4b7aaa5-e2ad-48dc-9ed3-e3ffbc9c2492; POSITION [5,18]
STEP-29; EVENT position; UNIT ROVER-c4b7aaa5-e2ad-48dc-9ed3-e3ffbc9c2492; POSITION [4,17]
STEP-30; EVENT position; UNIT ROVER-c4b7aaa5-e2ad-48dc-9ed3-e3ffbc9c2492; POSITION [3,17]
STEP-31; EVENT position; UNIT ROVER-c4b7aaa5-e2ad-48dc-9ed3-e3ffbc9c2492; POSITION [3,18]
STEP-32; EVENT position; UNIT ROVER-c4b7aaa5-e2ad-48dc-9ed3-e3ffbc9c2492; POSITION [2,18]
STEP-33; EVENT position; UNIT ROVER-c4b7aaa5-e2ad-48dc-9ed3-e3ffbc9c2492; POSITION [3,19]
STEP-34; EVENT position; UNIT ROVER-c4b7aaa5-e2ad-48dc-9ed3-e3ffbc9c2492; POSITION [2,18]
STEP-35; EVENT position; UNIT ROVER-c4b7aaa5-e2ad-48dc-9ed3-e3ffbc9c2492; POSITION [1,19]
EVENT outcome; OUTCOME NOT_COLONIZABLE_RESOURCES
STEP-0; EVENT position; UNIT ROVER-5ac7eef1-fcfe-47b0-840c-ebcd344d754c; POSITION [12,12]
STEP-1; EVENT position; UNIT ROVER-5ac7eef1-fcfe-47b0-840c-ebcd344d754c; POSITION [12,11]
STEP-2; EVENT position; UNIT ROVER-5ac7eef1-fcfe-47b0-840c-ebcd344d754c; POSITION [13,10]
STEP-3; EVENT position; UNIT ROVER-5ac7eef1-fcfe-47b0-840c-ebcd344d754c; POSITION [12,9]
STEP-4; EVENT position; UNIT ROVER-5ac7eef1-fcfe-47b0-840c-ebcd344d754c; POSITION [12,10]
STEP-5; EVENT position; UNIT ROVER-5ac7eef1-fcfe-47b0-840c-ebcd344d754c; POSITION [11,10]
STEP-6; EVENT position; UNIT ROVER-5ac7eef1-fcfe-47b0-840c-ebcd344d754c; POSITION [10,10]
STEP-7; EVENT position; UNIT ROVER-5ac7eef1-fcfe-47b0-840c-ebcd344d754c; POSITION [9,11]
STEP-8; EVENT position; UNIT ROVER-5ac7eef1-fcfe-47b0-840c-ebcd344d754c; POSITION [10,10]
STEP-9; EVENT position; UNIT ROVER-5ac7eef1-fcfe-47b0-840c-ebcd344d754c; POSITION [11,11]
STEP-10; EVENT position; UNIT ROVER-5ac7eef1-fcfe-47b0-840c-ebcd344d754c; POSITION [10,11]
STEP-11; EVENT position; UNIT ROVER-5ac7eef1-fcfe-47b0-840c-ebcd344d754c; POSITION [9,12]
STEP-12; EVENT position; UNIT ROVER-5ac7eef1-fcfe-47b0-840c-ebcd344d754c; POSITION [8,11]
STEP-13; EVENT position; UNIT ROVER-5ac7eef1-fcfe-47b0-840c-ebcd344d754c; POSITION [7,10]
STEP-14; EVENT position; UNIT ROVER-5ac7eef1-fcfe-47b0-840c-ebcd344d754c; POSITION [7,11]
STEP-15; EVENT position; UNIT ROVER-5ac7eef1-fcfe-47b0-840c-ebcd344d754c; POSITION [7,12]
STEP-16; EVENT position; UNIT ROVER-5ac7eef1-fcfe-47b0-840c-ebcd344d754c; POSITION [7,13]
STEP-17; EVENT position; UNIT ROVER-5ac7eef1-fcfe-47b0-840c-ebcd344d754c; POSITION [8,13]
STEP-18; EVENT position; UNIT ROVER-5ac7eef1-fcfe-47b0-840c-ebcd344d754c; POSITION [7,13]
STEP-19; EVENT position; UNIT ROVER-5ac7eef1-fcfe-47b0-840c-ebcd344d754c; POSITION [6,13]
STEP-20; EVENT position; UNIT ROVER-5ac7eef1-fcfe-47b0-840c-ebcd344d754c; POSITION [6,14]
STEP-21; EVENT position; UNIT ROVER-5ac7eef1-fcfe-47b0-840c-ebcd344d754c; POSITION [7,15]
STEP-22; EVENT position; UNIT ROVER-5ac7eef1-fcfe-47b0-840c-ebcd344d754c; POSITION [6,16]
STEP-23; EVENT position; UNIT ROVER-5ac7eef1-fcfe-47b0-840c-ebcd344d754c; POSITION [5,15]
STEP-24; EVENT position; UNIT ROVER-5ac7eef1-fcfe-47b0-840c-ebcd344d754c; POSITION [5,16]
STEP-25; EVENT position; UNIT ROVER-5ac7eef1-fcfe-47b0-840c-ebcd344d754c; POSITION [4,15]
STEP-26; EVENT position; UNIT ROVER-5ac7eef1-fcfe-47b0-840c-ebcd344d754c; POSITION [5,16]
STEP-27; EVENT position; UNIT ROVER-5ac7eef1-fcfe-47b0-840c-ebcd344d754c; POSITION [5,17]
STEP-28; EVENT position; UNIT ROVER-5ac7eef1-fcfe-47b0-840c-ebcd344d754c; POSITION [4,17]
STEP-29; EVENT position; UNIT ROVER-5ac7eef1-fcfe-47b0-840c-ebcd344d754c; POSITION [3,17]
STEP-30; EVENT position; UNIT ROVER-5ac7eef1-fcfe-47b0-840c-ebcd344d754c; POSITION [4,17]
STEP-31; EVENT position; UNIT ROVER-5ac7eef1-fcfe-47b0-840c-ebcd344d754c; POSITION [3,18]
STEP-32; EVENT position; UNIT ROVER-5ac7eef1-fcfe-47b0-840c-ebcd344d754c; POSITION [2,19]
STEP-33; EVENT position; UNIT ROVER-5ac7eef1-fcfe-47b0-840c-ebcd344d754c; POSITION [1,20]
STEP-34; EVENT position; UNIT ROVER-5ac7eef1-fcfe-47b0-840c-ebcd344d754c; POSITION [0,19]
STEP-35; EVENT position; UNIT ROVER-5ac7eef1-fcfe-47b0-840c-ebcd344d754c; POSITION [0,20]
STEP-36; EVENT position; UNIT ROVER-5ac7eef1-fcfe-47b0-840c-ebcd344d754c; POSITION [1,20]
STEP-37; EVENT position; UNIT ROVER-5ac7eef1-fcfe-47b0-840c-ebcd344d754c; POSITION [0,20]
STEP-38; EVENT position; UNIT ROVER-5ac7eef1-fcfe-47b0-840c-ebcd344d754c; POSITION [1,20]
STEP-39; EVENT position; UNIT ROVER-5ac7eef1-fcfe-47b0-840c-ebcd344d754c; POSITION [1,21]
STEP-40; EVENT position; UNIT ROVER-5ac7eef1-fcfe-47b0-840c-ebcd344d754c; POSITION [0,21]
STEP-41; EVENT position; UNIT ROVER-5ac7eef1-fcfe-47b0-840c-ebcd344d754c; POSITION [0,22]
STEP-42; EVENT position; UNIT ROVER-5ac7eef1-fcfe-47b0-840c-ebcd344d754c; POSITION [1,22]
STEP-43; EVENT position; UNIT ROVER-5ac7eef1-fcfe-47b0-840c-ebcd344d754c; POSITION [0,23]
STEP-44; EVENT position; UNIT ROVER-5ac7eef1-fcfe-47b0-840c-ebcd344d754c; POSITION [1,23]
EVENT outcome; OUTCOME NOT_COLONIZABLE_RESOURCES
STEP-0; EVENT position; UNIT ROVER-ce966f48-c790-4007-ba42-2508e13c496c; POSITION [12,12]
STEP-1; EVENT position; UNIT ROVER-ce966f48-c790-4007-ba42-2508e13c496c; POSITION [11,13]
STEP-2; EVENT position; UNIT ROVER-ce966f48-c790-4007-ba42-2508e13c496c; POSITION [12,12]
STEP-3; EVENT position; UNIT ROVER-ce966f48-c790-4007-ba42-2508e13c496c; POSITION [13,11]
STEP-4; EVENT position; UNIT ROVER-ce966f48-c790-4007-ba42-2508e13c496c; POSITION [12,12]
STEP-5; EVENT position; UNIT ROVER-ce966f48-c790-4007-ba42-2508e13c496c; POSITION [13,13]
STEP-6; EVENT position; UNIT ROVER-ce966f48-c790-4007-ba42-2508e13c496c; POSITION [14,12]
STEP-7; EVENT position; UNIT ROVER-ce966f48-c790-4007-ba42-2508e13c496c; POSITION [13,11]
STEP-8; EVENT position; UNIT ROVER-ce966f48-c790-4007-ba42-2508e13c496c; POSITION [12,11]
STEP-9; EVENT position; UNIT ROVER-ce966f48-c790-4007-ba42-2508e13c496c; POSITION [12,12]
STEP-10; EVENT position; UNIT ROVER-ce966f48-c790-4007-ba42-2508e13c496c; POSITION [11,11]
STEP-11; EVENT position; UNIT ROVER-ce966f48-c790-4007-ba42-2508e13c496c; POSITION [12,12]
STEP-12; EVENT position; UNIT ROVER-ce966f48-c790-4007-ba42-2508e13c496c; POSITION [11,12]
STEP-13; EVENT position; UNIT ROVER-ce966f48-c790-4007-ba42-2508e13c496c; POSITION [11,13]
STEP-14; EVENT position; UNIT ROVER-ce966f48-c790-4007-ba42-2508e13c496c; POSITION [10,13]
STEP-15; EVENT position; UNIT ROVER-ce966f48-c790-4007-ba42-2508e13c496c; POSITION [9,12]
STEP-16; EVENT position; UNIT ROVER-ce966f48-c790-4007-ba42-2508e13c496c; POSITION [10,11]
STEP-17; EVENT position; UNIT ROVER-ce966f48-c790-4007-ba42-2508e13c496c; POSITION [9,10]
STEP-18; EVENT position; UNIT ROVER-ce966f48-c790-4007-ba42-2508e13c496c; POSITION [8,11]
STEP-19; EVENT position; UNIT ROVER-ce966f48-c790-4007-ba42-2508e13c496c; POSITION [7,11]
STEP-20; EVENT position; UNIT ROVER-ce966f48-c790-4007-ba42-2508e13c496c; POSITION [8,12]
STEP-21; EVENT position; UNIT ROVER-ce966f48-c790-4007-ba42-2508e13c496c; POSITION [8,13]
STEP-22; EVENT position; UNIT ROVER-ce966f48-c790-4007-ba42-2508e13c496c; POSITION [7,14]
STEP-23; EVENT position; UNIT ROVER-ce966f48-c790-4007-ba42-2508e13c496c; POSITION [8,13]
STEP-24; EVENT position; UNIT ROVER-ce966f48-c790-4007-ba42-2508e13c496c; POSITION [7,13]
STEP-25; EVENT position; UNIT ROVER-ce966f48-c790-4007-ba42-2508e13c496c; POSITION [8,14]
STEP-26; EVENT position; UNIT ROVER-ce966f48-c790-4007-ba42-2508e13c496c; POSITION [7,14]
STEP-27; EVENT position; UNIT ROVER-ce966f48-c790-4007-ba42-2508e13c496c; POSITION [6,13]
STEP-28; EVENT position; UNIT ROVER-ce966f48-c790-4007-ba42-2508e13c496c; POSITION [7,14]
STEP-29; EVENT position; UNIT ROVER-ce966f48-c790-4007-ba42-2508e13c496c; POSITION [6,13]
STEP-30; EVENT position; UNIT ROVER-ce966f48-c790-4007-ba42-2508e13c496c; POSITION [5,13]
STEP-31; EVENT position; UNIT ROVER-ce966f48-c790-4007-ba42-2508e13c496c; POSITION [4,14]
STEP-32; EVENT position; UNIT ROVER-ce966f48-c790-4007-ba42-2508e13c496c; POSITION [5,15]
STEP-33; EVENT position; UNIT ROVER-ce966f48-c790-4007-ba42-2508e13c496c; POSITION [6,16]
STEP-34; EVENT position; UNIT ROVER-ce966f48-c790-4007-ba42-2508e13c496c; POSITION [5,15]
STEP-35; EVENT position; UNIT ROVER-ce966f48-c790-4007-ba42-2508e13c496c; POSITION [4,14]
EVENT outcome; OUTCOME NOT_COLONIZABLE_RESOURCES
STEP-0; EVENT position; UNIT ROVER-152650da-c712-40ac-8d74-5b3ca9f80ca5; POSITION [12,12]
STEP-1; EVENT position; UNIT ROVER-152650da-c712-40ac-8d74-5b3ca9f80ca5; POSITION [12,11]
STEP-2; EVENT position; UNIT ROVER-152650da-c712-40ac-8d74-5b3ca9f80ca5; POSITION [11,10]
STEP-3; EVENT position; UNIT ROVER-152650da-c712-40ac-8d74-5b3ca9f80ca5; POSITION [12,10]
STEP-4; EVENT position; UNIT ROVER-152650da-c712-40ac-8d74-5b3ca9f80ca5; POSITION [11,10]
STEP-5; EVENT position; UNIT ROVER-152650da-c712-40ac-8d74-5b3ca9f80ca5; POSITION [10,11]
STEP-6; EVENT position; UNIT ROVER-152650da-c712-40ac-8d74-5b3ca9f80ca5; POSITION [11,12]
STEP-7; EVENT position; UNIT ROVER-152650da-c712-40ac-8d74-5b3ca9f80ca5; POSITION [10,11]
STEP-8; EVENT position; UNIT ROVER-152650da-c712-40ac-8d74-5b3ca9f80ca5; POSITION [9,12]
STEP-9; EVENT position; UNIT ROVER-152650da-c712-40ac-8d74-5b3ca9f80ca5; POSITION [8,13]
STEP-10; EVENT position; UNIT ROVER-152650da-c712-40ac-8d74-5b3ca9f80ca5; POSITION [7,14]
STEP-11; EVENT position; UNIT ROVER-152650da-c712-40ac-8d74-5b3ca9f80ca5; POSITION [6,13]
STEP-12; EVENT position; UNIT ROVER-152650da-c712-40ac-8d74-5b3ca9f80ca5; POSITION [5,13]
STEP-13; EVENT position; UNIT ROVER-152650da-c712-40ac-8d74-5b3ca9f80ca5; POSITION [6,13]
STEP-14; EVENT position; UNIT ROVER-152650da-c712-40ac-8d74-5b3ca9f80ca5; POSITION [5,13]
STEP-15; EVENT position; UNIT ROVER-152650da-c712-40ac-8d74-5b3ca9f80ca5; POSITION [4,13]
STEP-16; EVENT position; UNIT ROVER-152650da-c712-40ac-8d74-5b3ca9f80ca5; POSITION [5,12]
STEP-17; EVENT position; UNIT ROVER-152650da-c712-40ac-8d74-5b3ca9f80ca5; POSITION [4,12]
STEP-18; EVENT position; UNIT ROVER-152650da-c712-40ac-8d74-5b3ca9f80ca5; POSITION [4,13]
STEP-19; EVENT position; UNIT ROVER-152650da-c712-40ac-8d74-5b3ca9f80ca5; POSITION [3,14]
STEP-20; EVENT position; UNIT ROVER-152650da-c712-40ac-8d74-5b3ca9f80ca5; POSITION [2,15]
STEP-21; EVENT position; UNIT ROVER-152650da-c712-40ac-8d74-5b3ca9f80ca5; POSITION [2,16]
STEP-22; EVENT position; UNIT ROVER-152650da-c712-40ac-8d74-5b3ca9f80ca5; POSITION [1,17]
STEP-23; EVENT position; UNIT ROVER-152650da-c712-40ac-8d74-5b3ca9f80ca5; POSITION [0,18]
STEP-24; EVENT position; UNIT ROVER-152650da-c712-40ac-8d74-5b3ca9f80ca5; POSITION [1,19]
STEP-25; EVENT position; UNIT ROVER-152650da-c712-40ac-8d74-5b3ca9f80ca5; POSITION [2,19]
STEP-26; EVENT position; UNIT ROVER-152650da-c712-40ac-8d74-5b3ca9f80ca5; POSITION [3,18]
STEP-27; EVENT position; UNIT ROVER-152650da-c712-40ac-8d74-5b3ca9f80ca5; POSITION [4,18]
STEP-28; EVENT position; UNIT ROVER-152650da-c712-40ac-8d74-5b3ca9f80ca5; POSITION [5,17]
STEP-29; EVENT position; UNIT ROVER-152650da-c712-40ac-8d74-5b3ca9f80ca5; POSITION [6,16]
STEP-30; EVENT position; UNIT ROVER-152650da-c712-40ac-8d74-5b3ca9f80ca5; POSITION [5,15]
STEP-31; EVENT position; UNIT ROVER-152650da-c712-40ac-8d74-5b3ca9f80ca5; POSITION [4,16]
STEP-32; EVENT position; UNIT ROVER-152650da-c712-40ac-8d74-5b3ca9f80ca5; POSITION [5,17]
STEP-33; EVENT position; UNIT ROVER-152650da-c712-40ac-8d74-5b3ca9f80ca5; POSITION [5,18]
STEP-34; EVENT position; UNIT ROVER-152650da-c712-40ac-8d74-5b3ca9f80ca5; POSITION [5,19]
STEP-35; EVENT position; UNIT ROVER-152650da-c712-40ac-8d74-5b3ca9f80ca5; POSITION [4,20]
STEP-36; EVENT position; UNIT ROVER-152650da-c712-40ac-8d74-5b3ca9f80ca5; POSITION [3,19]
STEP-37; EVENT position; UNIT ROVER-152650da-c712-40ac-8d74-5b3ca9f80ca5; POSITION [2,19]
STEP-38; EVENT position; UNIT ROVER-152650da-c712-40ac-8d74-5b3ca9f80ca5; POSITION [1,20]
STEP-39; EVENT position; UNIT ROVER-152650da-c712-40ac-8d74-5b3ca9f80ca5; POSITION [2,21]
EVENT outcome; OUTCOME NOT_COLONIZABLE_RESOURCES
STEP-0; EVENT position; UNIT ROVER-179f65f3-efa5-403c-b133-94baafede071; POSITION [12,12]
STEP-1; EVENT position; UNIT ROVER-179f65f3-efa5-403c-b133-94baafede071; POSITION [13,13]
STEP-2; EVENT position; UNIT ROVER-179f65f3-efa5-403c-b133-94baafede071; POSITION [12,13]
STEP-3; EVENT position; UNIT ROVER-179f65f3-efa5-403c-b133-94baafede071; POSITION [13,14]
STEP-4; EVENT position; UNIT ROVER-179f65f3-efa5-403c-b133-94baafede071; POSITION [14,14]
STEP-5; EVENT position; UNIT ROVER-179f65f3-efa5-403c-b133-94baafede071; POSITION [14,15]
STEP-6; EVENT position; UNIT ROVER-179f65f3-efa5-403c-b133-94baafede071; POSITION [13,14]
STEP-7; EVENT position; UNIT ROVER-179f65f3-efa5-403c-b133-94baafede071; POSITION [12,15]
STEP-8; EVENT position; UNIT ROVER-179f65f3-efa5-403c-b133-94baafede071; POSITION [12,16]
STEP-9; EVENT position; UNIT ROVER-179f65f3-efa5-403c-b133-94baafede071; POSITION [11,16]
STEP-10; EVENT position; UNIT ROVER-179f65f3-efa5-403c-b133-94baafede071; POSITION [10,15]
STEP-11; EVENT position; UNIT ROVER-179f65f3-efa5-403c-b133-94baafede071; POSITION [10,16]
STEP-12; EVENT position; UNIT ROVER-179f65f3-efa5-403c-b133-94baafede071; POSITION [11,16]
STEP-13; EVENT position; UNIT ROVER-179f65f3-efa5-403c-b133-94baafede071; POSITION [10,16]
STEP-14; EVENT position; UNIT ROVER-179f65f3-efa5-403c-b133-94baafede071; POSITION [11,16]
STEP-15; EVENT position; UNIT ROVER-179f65f3-efa5-403c-b133-94baafede071; POSITION [10,16]
STEP-16; EVENT position; UNIT ROVER-179f65f3-efa5-403c-b133-94baafede071; POSITION [11,16]
STEP-17; EVENT position; UNIT ROVER-179f65f3-efa5-403c-b133-94baafede071; POSITION [10,15]
STEP-18; EVENT position; UNIT ROVER-179f65f3-efa5-403c-b133-94baafede071; POSITION [9,14]
STEP-19; EVENT position; UNIT ROVER-179f65f3-efa5-403c-b133-94baafede071; POSITION [8,15]
STEP-20; EVENT position; UNIT ROVER-179f65f3-efa5-403c-b133-94baafede071; POSITION [7,16]
STEP-21; EVENT position; UNIT ROVER-179f65f3-efa5-403c-b133-94baafede071; POSITION [6,17]
STEP-22; EVENT position; UNIT ROVER-179f65f3-efa5-403c-b133-94baafede071; POSITION [5,17]
STEP-23; EVENT position; UNIT ROVER-179f65f3-efa5-403c-b133-94baafede071; POSITION [4,17]
STEP-24; EVENT position; UNIT ROVER-179f65f3-efa5-403c-b133-94baafede071; POSITION [3,17]
STEP-25; EVENT position; UNIT ROVER-179f65f3-efa5-403c-b133-94baafede071; POSITION [4,16]
STEP-26; EVENT position; UNIT ROVER-179f65f3-efa5-403c-b133-94baafede071; POSITION [3,17]
STEP-27; EVENT position; UNIT ROVER-179f65f3-efa5-403c-b133-94baafede071; POSITION [2,17]
STEP-28; EVENT position; UNIT ROVER-179f65f3-efa5-403c-b133-94baafede071; POSITION [3,16]
STEP-29; EVENT position; UNIT ROVER-179f65f3-efa5-403c-b133-94baafede071; POSITION [2,16]
STEP-30; EVENT position; UNIT ROVER-179f65f3-efa5-403c-b133-94baafede071; POSITION [3,17]
STEP-31; EVENT position; UNIT ROVER-179f65f3-efa5-403c-b133-94baafede071; POSITION [2,16]
STEP-32; EVENT position; UNIT ROVER-179f65f3-efa5-403c-b133-94baafede071; POSITION [1,17]
STEP-33; EVENT position; UNIT ROVER-179f65f3-efa5-403c-b133-94baafede071; POSITION [0,17]
STEP-34; EVENT position; UNIT ROVER-179f65f3-efa5-403c-b133-94baafede071; POSITION [1,16]
EVENT outcome; OUTCOME NOT_COLONIZABLE_RESOURCES
STEP-0; EVENT position; UNIT ROVER-4df2015a-8dbd-4e8e-9927-ae4df566f288; POSITION [12,12]
STEP-1; EVENT position; UNIT ROVER-4df2015a-8dbd-4e8e-9927-ae4df566f288; POSITION [13,12]
STEP-2; EVENT position; UNIT ROVER-4df2015a-8dbd-4e8e-9927-ae4df566f288; POSITION [14,12]
STEP-3; EVENT position; UNIT ROVER-4df2015a-8dbd-4e8e-9927-ae4df566f288; POSITION [15,11]
STEP-4; EVENT position; UNIT ROVER-4df2015a-8dbd-4e8e-9927-ae4df566f288; POSITION [14,12]
STEP-5; EVENT position; UNIT ROVER-4df2015a-8dbd-4e8e-9927-ae4df566f288; POSITION [13,12]
STEP-6; EVENT position; UNIT ROVER-4df2015a-8dbd-4e8e-9927-ae4df566f288; POSITION [13,13]
STEP-7; EVENT position; UNIT ROVER-4df2015a-8dbd-4e8e-9927-ae4df566f288; POSITION [12,12]
STEP-8; EVENT position; UNIT ROVER-4df2015a-8dbd-4e8e-9927-ae4df566f288; POSITION [13,13]
STEP-9; EVENT position; UNIT ROVER-4df2015a-8dbd-4e8e-9927-ae4df566f288; POSITION [13,14]
STEP-10; EVENT position; UNIT ROVER-4df2015a-8dbd-4e8e-9927-ae4df566f288; POSITION [14,13]
STEP-11; EVENT position; UNIT ROVER-4df2015a-8dbd-4e8e-9927-ae4df566f288; POSITION [13,12]
STEP-12; EVENT position; UNIT ROVER-4df2015a-8dbd-4e8e-9927-ae4df566f288; POSITION [13,13]
STEP-13; EVENT position; UNIT ROVER-4df2015a-8dbd-4e8e-9927-ae4df566f288; POSITION [12,14]
STEP-14; EVENT position; UNIT ROVER-4df2015a-8dbd-4e8e-9927-ae4df566f288; POSITION [13,14]
STEP-15; EVENT position; UNIT ROVER-4df2015a-8dbd-4e8e-9927-ae4df566f288; POSITION [13,15]
STEP-16; EVENT position; UNIT ROVER-4df2015a-8dbd-4e8e-9927-ae4df566f288; POSITION [14,15]
STEP-17; EVENT position; UNIT ROVER-4df2015a-8dbd-4e8e-9927-ae4df566f288; POSITION [14,16]
STEP-18; EVENT position; UNIT ROVER-4df2015a-8dbd-4e8e-9927-ae4df566f288; POSITION [15,17]
STEP-19; EVENT position; UNIT ROVER-4df2015a-8dbd-4e8e-9927-ae4df566f288; POSITION [16,17]
STEP-20; EVENT position; UNIT ROVER-4df2015a-8dbd-4e8e-9927-ae4df566f288; POSITION [15,16]
STEP-21; EVENT position; UNIT ROVER-4df2015a-8dbd-4e8e-9927-ae4df566f288; POSITION [15,17]
STEP-22; EVENT position; UNIT ROVER-4df2015a-8dbd-4e8e-9927-ae4df566f288; POSITION [14,18]
STEP-23; EVENT position; UNIT ROVER-4df2015a-8dbd-4e8e-9927-ae4df566f288; POSITION [15,19]
STEP-24; EVENT position; UNIT ROVER-4df2015a-8dbd-4e8e-9927-ae4df566f288; POSITION [15,20]
STEP-25; EVENT position; UNIT ROVER-4df2015a-8dbd-4e8e-9927-ae4df566f288; POSITION [14,20]
STEP-26; EVENT position; UNIT ROVER-4df2015a-8dbd-4e8e-9927-ae4df566f288; POSITION [13,19]
STEP-27; EVENT position; UNIT ROVER-4df2015a-8dbd-4e8e-9927-ae4df566f288; POSITION [12,19]
STEP-28; EVENT position; UNIT ROVER-4df2015a-8dbd-4e8e-9927-ae4df566f288; POSITION [13,19]
STEP-29; EVENT position; UNIT ROVER-4df2015a-8dbd-4e8e-9927-ae4df566f288; POSITION [12,20]
STEP-30; EVENT position; UNIT ROVER-4df2015a-8dbd-4e8e-9927-ae4df566f288; POSITION [13,20]
STEP-31; EVENT position; UNIT ROVER-4df2015a-8dbd-4e8e-9927-ae4df566f288; POSITION [12,20]
STEP-32; EVENT position; UNIT ROVER-4df2015a-8dbd-4e8e-9927-ae4df566f288; POSITION [11,21]
STEP-33; EVENT position; UNIT ROVER-4df2015a-8dbd-4e8e-9927-ae4df566f288; POSITION [10,21]
STEP-34; EVENT position; UNIT ROVER-4df2015a-8dbd-4e8e-9927-ae4df566f288; POSITION [9,20]
STEP-35; EVENT position; UNIT ROVER-4df2015a-8dbd-4e8e-9927-ae4df566f288; POSITION [10,21]
STEP-36; EVENT position; UNIT ROVER-4df2015a-8dbd-4e8e-9927-ae4df566f288; POSITION [11,22]
STEP-37; EVENT position; UNIT ROVER-4df2015a-8dbd-4e8e-9927-ae4df566f288; POSITION [10,21]
STEP-38; EVENT position; UNIT ROVER-4df2015a-8dbd-4e8e-9927-ae4df566f288; POSITION [10,22]
STEP-39; EVENT position; UNIT ROVER-4df2015a-8dbd-4e8e-9927-ae4df566f288; POSITION [9,23]
STEP-40; EVENT position; UNIT ROVER-4df2015a-8dbd-4e8e-9927-ae4df566f288; POSITION [8,23]
STEP-41; EVENT position; UNIT ROVER-4df2015a-8dbd-4e8e-9927-ae4df566f288; POSITION [7,23]
STEP-42; EVENT position; UNIT ROVER-4df2015a-8dbd-4e8e-9927-ae4df566f288; POSITION [6,23]
STEP-43; EVENT position; UNIT ROVER-4df2015a-8dbd-4e8e-9927-ae4df566f288; POSITION [5,22]
STEP-44; EVENT position; UNIT ROVER-4df2015a-8dbd-4e8e-9927-ae4df566f288; POSITION [5,23]
STEP-45; EVENT position; UNIT ROVER-4df2015a-8dbd-4e8e-9927-ae4df566f288; POSITION [6,23]
STEP-46; EVENT position; UNIT ROVER-4df2015a-8dbd-4e8e-9927-ae4df566f288; POSITION [5,22]
STEP-47; EVENT position; UNIT ROVER-4df2015a-8dbd-4e8e-9927-ae4df566f288; POSITION [5,23]
STEP-48; EVENT position; UNIT ROVER-4df2015a-8dbd-4e8e-9927-ae4df566f288; POSITION [6,23]
STEP-49; EVENT position; UNIT ROVER-4df2015a-8dbd-4e8e-9927-ae4df566f288; POSITION [5,22]
STEP-50; EVENT position; UNIT ROVER-4df2015a-8dbd-4e8e-9927-ae4df566f288; POSITION [6,23]
STEP-51; EVENT position; UNIT ROVER-4df2015a-8dbd-4e8e-9927-ae4df566f288; POSITION [5,23]
EVENT outcome; OUTCOME NOT_COLONIZABLE_RESOURCES
STEP-0; EVENT position; UNIT ROVER-0ecdbd89-086f-42fa-9808-2b50d23f783e; POSITION [12,12]
STEP-1; EVENT position; UNIT ROVER-0ecdbd89-086f-42fa-9808-2b50d23f783e; POSITION [13,13]
STEP-2; EVENT position; UNIT ROVER-0ecdbd89-086f-42fa-9808-2b50d23f783e; POSITION [12,14]
STEP-3; EVENT position; UNIT ROVER-0ecdbd89-086f-42fa-9808-2b50d23f783e; POSITION [13,13]
STEP-4; EVENT position; UNIT ROVER-0ecdbd89-086f-42fa-9808-2b50d23f783e; POSITION [14,14]
STEP-5; EVENT position; UNIT ROVER-0ecdbd89-086f-42fa-9808-2b50d23f783e; POSITION [15,14]
STEP-6; EVENT position; UNIT ROVER-0ecdbd89-086f-42fa-9808-2b50d23f783e; POSITION [16,15]
STEP-7; EVENT position; UNIT ROVER-0ecdbd89-086f-42fa-9808-2b50d23f783e; POSITION [15,14]
STEP-8; EVENT position; UNIT ROVER-0ecdbd89-086f-42fa-9808-2b50d23f783e; POSITION [14,15]
STEP-9; EVENT position; UNIT ROVER-0ecdbd89-086f-42fa-9808-2b50d23f783e; POSITION [14,16]
STEP-10; EVENT position; UNIT ROVER-0ecdbd89-086f-42fa-9808-2b50d23f783e; POSITION [15,15]
STEP-11; EVENT position; UNIT ROVER-0ecdbd89-086f-42fa-9808-2b50d23f783e; POSITION [14,14]
STEP-12; EVENT position; UNIT ROVER-0ecdbd89-086f-42fa-9808-2b50d23f783e; POSITION [13,13]
STEP-13; EVENT position; UNIT ROVER-0ecdbd89-086f-42fa-9808-2b50d23f783e; POSITION [12,13]
STEP-14; EVENT position; UNIT ROVER-0ecdbd89-086f-42fa-9808-2b50d23f783e; POSITION [11,13]
STEP-15; EVENT position; UNIT ROVER-0ecdbd89-086f-42fa-9808-2b50d23f783e; POSITION [11,14]
STEP-16; EVENT position; UNIT ROVER-0ecdbd89-086f-42fa-9808-2b50d23f783e; POSITION [12,15]
STEP-17; EVENT position; UNIT ROVER-0ecdbd89-086f-42fa-9808-2b50d23f783e; POSITION [11,15]
STEP-18; EVENT position; UNIT ROVER-0ecdbd89-086f-42fa-9808-2b50d23f783e; POSITION [10,16]
STEP-19; EVENT position; UNIT ROVER-0ecdbd89-086f-42fa-9808-2b50d23f783e; POSITION [11,15]
STEP-20; EVENT position; UNIT ROVER-0ecdbd89-086f-42fa-9808-2b50d23f783e; POSITION [11,16]
STEP-21; EVENT position; UNIT ROVER-0ecdbd89-086f-42fa-9808-2b50d23f783e; POSITION [10,16]
STEP-22; EVENT position; UNIT ROVER-0ecdbd89-086f-42fa-9808-2b50d23f783e; POSITION [11,17]
STEP-23; EVENT position; UNIT ROVER-0ecdbd89-086f-42fa-9808-2b50d23f783e; POSITION [12,17]
STEP-24; EVENT position; UNIT ROVER-0ecdbd89-086f-42fa-9808-2b50d23f783e; POSITION [13,18]
STEP-25; EVENT position; UNIT ROVER-0ecdbd89-086f-42fa-9808-2b50d23f783e; POSITION [12,18]
STEP-26; EVENT position; UNIT ROVER-0ecdbd89-086f-42fa-9808-2b50d23f783e; POSITION [13,19]
STEP-27; EVENT position; UNIT ROVER-0ecdbd89-086f-42fa-9808-2b50d23f783e; POSITION [12,18]
STEP-28; EVENT position; UNIT ROVER-0ecdbd89-086f-42fa-9808-2b50d23f783e; POSITION [11,18]
STEP-29; EVENT position; UNIT ROVER-0ecdbd89-086f-42fa-9808-2b50d23f783e; POSITION [11,19]
STEP-30; EVENT position; UNIT ROVER-0ecdbd89-086f-42fa-9808-2b50d23f783e; POSITION [10,20]
STEP-31; EVENT position; UNIT ROVER-0ecdbd89-086f-42fa-9808-2b50d23f783e; POSITION [9,19]
STEP-32; EVENT position; UNIT ROVER-0ecdbd89-086f-42fa-9808-2b50d23f783e; POSITION [9,20]
STEP-33; EVENT position; UNIT ROVER-0ecdbd89-086f-42fa-9808-2b50d23f783e; POSITION [8,20]
STEP-34; EVENT position; UNIT ROVER-0ecdbd89-086f-42fa-9808-2b50d23f783e; POSITION [9,20]
STEP-35; EVENT position; UNIT ROVER-0ecdbd89-086f-42fa-9808-2b50d23f783e; POSITION [8,21]
STEP-36; EVENT position; UNIT ROVER-0ecdbd89-086f-42fa-9808-2b50d23f783e; POSITION [7,21]
STEP-37; EVENT position; UNIT ROVER-0ecdbd89-086f-42fa-9808-2b50d23f783e; POSITION [6,21]
STEP-38; EVENT position; UNIT ROVER-0ecdbd89-086f-42fa-9808-2b50d23f783e; POSITION [5,22]
EVENT outcome; OUTCOME NOT_COLONIZABLE_RESOURCES
STEP-0; EVENT position; UNIT ROVER-1b64d3fa-18a2-406e-b94b-9e23137cdfe0; POSITION [12,12]
STEP-1; EVENT position; UNIT ROVER-1b64d3fa-18a2-406e-b94b-9e23137cdfe0; POSITION [13,13]
STEP-2; EVENT position; UNIT ROVER-1b64d3fa-18a2-406e-b94b-9e23137cdfe0; POSITION [13,14]
STEP-3; EVENT position; UNIT ROVER-1b64d3fa-18a2-406e-b94b-9e23137cdfe0; POSITION [12,13]
STEP-4; EVENT position; UNIT ROVER-1b64d3fa-18a2-406e-b94b-9e23137cdfe0; POSITION [12,14]
STEP-5; EVENT position; UNIT ROVER-1b64d3fa-18a2-406e-b94b-9e23137cdfe0; POSITION [11,14]
STEP-6; EVENT position; UNIT ROVER-1b64d3fa-18a2-406e-b94b-9e23137cdfe0; POSITION [10,14]
STEP-7; EVENT position; UNIT ROVER-1b64d3fa-18a2-406e-b94b-9e23137cdfe0; POSITION [9,14]
STEP-8; EVENT position; UNIT ROVER-1b64d3fa-18a2-406e-b94b-9e23137cdfe0; POSITION [8,15]
STEP-9; EVENT position; UNIT ROVER-1b64d3fa-18a2-406e-b94b-9e23137cdfe0; POSITION [7,15]
STEP-10; EVENT position; UNIT ROVER-1b64d3fa-18a2-406e-b94b-9e23137cdfe0; POSITION [6,14]
STEP-11; EVENT position; UNIT ROVER-1b64d3fa-18a2-406e-b94b-9e23137cdfe0; POSITION [5,13]
STEP-12; EVENT position; UNIT ROVER-1b64d3fa-18a2-406e-b94b-9e23137cdfe0; POSITION [4,12]
STEP-13; EVENT position; UNIT ROVER-1b64d3fa-18a2-406e-b94b-9e23137cdfe0; POSITION [5,13]
STEP-14; EVENT position; UNIT ROVER-1b64d3fa-18a2-406e-b94b-9e23137cdfe0; POSITION [6,13]
STEP-15; EVENT position; UNIT ROVER-1b64d3fa-18a2-406e-b94b-9e23137cdfe0; POSITION [7,14]
STEP-16; EVENT position; UNIT ROVER-1b64d3fa-18a2-406e-b94b-9e23137cdfe0; POSITION [7,15]
STEP-17; EVENT position; UNIT ROVER-1b64d3fa-18a2-406e-b94b-9e23137cdfe0; POSITION [6,15]
STEP-18; EVENT position; UNIT ROVER-1b64d3fa-18a2-406e-b94b-9e23137cdfe0; POSITION [5,15]
STEP-19; EVENT position; UNIT ROVER-1b64d3fa-18a2-406e-b94b-9e23137cdfe0; POSITION [5,16]
STEP-20; EVENT position; UNIT ROVER-1b64d3fa-18a2-406e-b94b-9e23137cdfe0; POSITION [5,17]
STEP-21; EVENT position; UNIT ROVER-1b64d3fa-18a2-406e-b94b-9e23137cdfe0; POSITION [5,18]
STEP-22; EVENT position; UNIT ROVER-1b64d3fa-18a2-406e-b94b-9e23137cdfe0; POSITION [6,17]
STEP-23; EVENT position; UNIT ROVER-1b64d3fa-18a2-406e-b94b-9e23137cdfe0; POSITION [5,16]
STEP-24; EVENT position; UNIT ROVER-1b64d3fa-18a2-406e-b94b-9e23137cdfe0; POSITION [4,17]
STEP-25; EVENT position; UNIT ROVER-1b64d3fa-18a2-406e-b94b-9e23137cdfe0; POSITION [4,18]
STEP-26; EVENT position; UNIT ROVER-1b64d3fa-18a2-406e-b94b-9e23137cdfe0; POSITION [4,19]
STEP-27; EVENT position; UNIT ROVER-1b64d3fa-18a2-406e-b94b-9e23137cdfe0; POSITION [4,20]
STEP-28; EVENT position; UNIT ROVER-1b64d3fa-18a2-406e-b94b-9e23137cdfe0; POSITION [3,19]
STEP-29; EVENT position; UNIT ROVER-1b64d3fa-18a2-406e-b94b-9e23137cdfe0; POSITION [2,19]
STEP-30; EVENT position; UNIT ROVER-1b64d3fa-18a2-406e-b94b-9e23137cdfe0; POSITION [3,19]
STEP-31; EVENT position; UNIT ROVER-1b64d3fa-18a2-406e-b94b-9e23137cdfe0; POSITION [2,19]
STEP-32; EVENT position; UNIT ROVER-1b64d3fa-18a2-406e-b94b-9e23137cdfe0; POSITION [2,20]
STEP-33; EVENT position; UNIT ROVER-1b64d3fa-18a2-406e-b94b-9e23137cdfe0; POSITION [1,21]
STEP-34; EVENT position; UNIT ROVER-1b64d3fa-18a2-406e-b94b-9e23137cdfe0; POSITION [0,22]
EVENT outcome; OUTCOME NOT_COLONIZABLE_RESOURCES
STEP-0; EVENT position; UNIT ROVER-7105ef2b-ef32-4d8a-9a3e-49198b572dcb; POSITION [12,12]
STEP-1; EVENT position; UNIT ROVER-7105ef2b-ef32-4d8a-9a3e-49198b572dcb; POSITION [13,13]
STEP-2; EVENT position; UNIT ROVER-7105ef2b-ef32-4d8a-9a3e-49198b572dcb; POSITION [13,14]
STEP-3; EVENT position; UNIT ROVER-7105ef2b-ef32-4d8a-9a3e-49198b572dcb; POSITION [12,15]
STEP-4; EVENT position; UNIT ROVER-7105ef2b-ef32-4d8a-9a3e-49198b572dcb; POSITION [12,16]
STEP-5; EVENT position; UNIT ROVER-7105ef2b-ef32-4d8a-9a3e-49198b572dcb; POSITION [13,16]
STEP-6; EVENT position; UNIT ROVER-7105ef2b-ef32-4d8a-9a3e-49198b572dcb; POSITION [12,17]
STEP-7; EVENT position; UNIT ROVER-7105ef2b-ef32-4d8a-9a3e-49198b572dcb; POSITION [13,17]
STEP-8; EVENT position; UNIT ROVER-7105ef2b-ef32-4d8a-9a3e-49198b572dcb; POSITION [14,18]
STEP-9; EVENT position; UNIT ROVER-7105ef2b-ef32-4d8a-9a3e-49198b572dcb; POSITION [14,19]
STEP-10; EVENT position; UNIT ROVER-7105ef2b-ef32-4d8a-9a3e-49198b572dcb; POSITION [13,20]
STEP-11; EVENT position; UNIT ROVER-7105ef2b-ef32-4d8a-9a3e-49198b572dcb; POSITION [12,19]
STEP-12; EVENT position; UNIT ROVER-7105ef2b-ef32-4d8a-9a3e-49198b572dcb; POSITION [11,18]
STEP-13; EVENT position; UNIT ROVER-7105ef2b-ef32-4d8a-9a3e-49198b572dcb; POSITION [10,18]
STEP-14; EVENT position; UNIT ROVER-7105ef2b-ef32-4d8a-9a3e-49198b572dcb; POSITION [10,19]
STEP-15; EVENT position; UNIT ROVER-7105ef2b-ef32-4d8a-9a3e-49198b572dcb; POSITION [9,19]
STEP-16; EVENT position; UNIT ROVER-7105ef2b-ef32-4d8a-9a3e-49198b572dcb; POSITION [8,20]
STEP-17; EVENT position; UNIT ROVER-7105ef2b-ef32-4d8a-9a3e-49198b572dcb; POSITION [7,19]
STEP-18; EVENT position; UNIT ROVER-7105ef2b-ef32-4d8a-9a3e-49198b572dcb; POSITION [8,20]
STEP-19; EVENT position; UNIT ROVER-7105ef2b-ef32-4d8a-9a3e-49198b572dcb; POSITION [9,21]
STEP-20; EVENT position; UNIT ROVER-7105ef2b-ef32-4d8a-9a3e-49198b572dcb; POSITION [9,22]
STEP-21; EVENT position; UNIT ROVER-7105ef2b-ef32-4d8a-9a3e-49198b572dcb; POSITION [8,22]
STEP-22; EVENT position; UNIT ROVER-7105ef2b-ef32-4d8a-9a3e-49198b572dcb; POSITION [7,23]
STEP-23; EVENT position; UNIT ROVER-7105ef2b-ef32-4d8a-9a3e-49198b572dcb; POSITION [8,23]
STEP-24; EVENT position; UNIT ROVER-7105ef2b-ef32-4d8a-9a3e-49198b572dcb; POSITION [7,22]
STEP-25; EVENT position; UNIT ROVER-7105ef2b-ef32-4d8a-9a3e-49198b572dcb; POSITION [7,23]
STEP-26; EVENT position; UNIT ROVER-7105ef2b-ef32-4d8a-9a3e-49198b572dcb; POSITION [6,23]
STEP-27; EVENT position; UNIT ROVER-7105ef2b-ef32-4d8a-9a3e-49198b572dcb; POSITION [7,23]
STEP-28; EVENT position; UNIT ROVER-7105ef2b-ef32-4d8a-9a3e-49198b572dcb; POSITION [6,22]
STEP-29; EVENT position; UNIT ROVER-7105ef2b-ef32-4d8a-9a3e-49198b572dcb; POSITION [5,23]
STEP-30; EVENT position; UNIT ROVER-7105ef2b-ef32-4d8a-9a3e-49198b572dcb; POSITION [6,23]
STEP-31; EVENT position; UNIT ROVER-7105ef2b-ef32-4d8a-9a3e-49198b572dcb; POSITION [5,22]
STEP-32; EVENT position; UNIT ROVER-7105ef2b-ef32-4d8a-9a3e-49198b572dcb; POSITION [4,21]
STEP-33; EVENT position; UNIT ROVER-7105ef2b-ef32-4d8a-9a3e-49198b572dcb; POSITION [4,22]
STEP-34; EVENT position; UNIT ROVER-7105ef2b-ef32-4d8a-9a3e-49198b572dcb; POSITION [4,23]
EVENT outcome; OUTCOME NOT_COLONIZABLE_RESOURCES
STEP-0; EVENT position; UNIT ROVER-ec928ed5-6f01-4879-9a25-36b8c3dc2d4f; POSITION [12,12]
STEP-1; EVENT position; UNIT ROVER-ec928ed5-6f01-4879-9a25-36b8c3dc2d4f; POSITION [13,13]
STEP-2; EVENT position; UNIT ROVER-ec928ed5-6f01-4879-9a25-36b8c3dc2d4f; POSITION [14,12]
STEP-3; EVENT position; UNIT ROVER-ec928ed5-6f01-4879-9a25-36b8c3dc2d4f; POSITION [15,11]
STEP-4; EVENT position; UNIT ROVER-ec928ed5-6f01-4879-9a25-36b8c3dc2d4f; POSITION [14,10]
STEP-5; EVENT position; UNIT ROVER-ec928ed5-6f01-4879-9a25-36b8c3dc2d4f; POSITION [13,11]
STEP-6; EVENT position; UNIT ROVER-ec928ed5-6f01-4879-9a25-36b8c3dc2d4f; POSITION [13,12]
STEP-7; EVENT position; UNIT ROVER-ec928ed5-6f01-4879-9a25-36b8c3dc2d4f; POSITION [12,11]
STEP-8; EVENT position; UNIT ROVER-ec928ed5-6f01-4879-9a25-36b8c3dc2d4f; POSITION [12,12]
STEP-9; EVENT position; UNIT ROVER-ec928ed5-6f01-4879-9a25-36b8c3dc2d4f; POSITION [11,13]
STEP-10; EVENT position; UNIT ROVER-ec928ed5-6f01-4879-9a25-36b8c3dc2d4f; POSITION [11,14]
STEP-11; EVENT position; UNIT ROVER-ec928ed5-6f01-4879-9a25-36b8c3dc2d4f; POSITION [12,14]
STEP-12; EVENT position; UNIT ROVER-ec928ed5-6f01-4879-9a25-36b8c3dc2d4f; POSITION [12,15]
STEP-13; EVENT position; UNIT ROVER-ec928ed5-6f01-4879-9a25-36b8c3dc2d4f; POSITION [13,15]
STEP-14; EVENT position; UNIT ROVER-ec928ed5-6f01-4879-9a25-36b8c3dc2d4f; POSITION [14,16]
STEP-15; EVENT position; UNIT ROVER-ec928ed5-6f01-4879-9a25-36b8c3dc2d4f; POSITION [13,16]
STEP-16; EVENT position; UNIT ROVER-ec928ed5-6f01-4879-9a25-36b8c3dc2d4f; POSITION [14,17]
STEP-17; EVENT position; UNIT ROVER-ec928ed5-6f01-4879-9a25-36b8c3dc2d4f; POSITION [13,16]
STEP-18; EVENT position; UNIT ROVER-ec928ed5-6f01-4879-9a25-36b8c3dc2d4f; POSITION [12,15]
STEP-19; EVENT position; UNIT ROVER-ec928ed5-6f01-4879-9a25-36b8c3dc2d4f; POSITION [11,15]
STEP-20; EVENT position; UNIT ROVER-ec928ed5-6f01-4879-9a25-36b8c3dc2d4f; POSITION [10,15]
STEP-21; EVENT position; UNIT ROVER-ec928ed5-6f01-4879-9a25-36b8c3dc2d4f; POSITION [11,15]
STEP-22; EVENT position; UNIT ROVER-ec928ed5-6f01-4879-9a25-36b8c3dc2d4f; POSITION [11,16]
STEP-23; EVENT position; UNIT ROVER-ec928ed5-6f01-4879-9a25-36b8c3dc2d4f; POSITION [10,17]
STEP-24; EVENT position; UNIT ROVER-ec928ed5-6f01-4879-9a25-36b8c3dc2d4f; POSITION [11,18]
STEP-25; EVENT position; UNIT ROVER-ec928ed5-6f01-4879-9a25-36b8c3dc2d4f; POSITION [10,19]
STEP-26; EVENT position; UNIT ROVER-ec928ed5-6f01-4879-9a25-36b8c3dc2d4f; POSITION [11,18]
STEP-27; EVENT position; UNIT ROVER-ec928ed5-6f01-4879-9a25-36b8c3dc2d4f; POSITION [11,19]
STEP-28; EVENT position; UNIT ROVER-ec928ed5-6f01-4879-9a25-36b8c3dc2d4f; POSITION [12,20]
STEP-29; EVENT position; UNIT ROVER-ec928ed5-6f01-4879-9a25-36b8c3dc2d4f; POSITION [11,21]
STEP-30; EVENT position; UNIT ROVER-ec928ed5-6f01-4879-9a25-36b8c3dc2d4f; POSITION [12,22]
STEP-31; EVENT position; UNIT ROVER-ec928ed5-6f01-4879-9a25-36b8c3dc2d4f; POSITION [12,23]
STEP-32; EVENT position; UNIT ROVER-ec928ed5-6f01-4879-9a25-36b8c3dc2d4f; POSITION [13,22]
STEP-33; EVENT position; UNIT ROVER-ec928ed5-6f01-4879-9a25-36b8c3dc2d4f; POSITION [12,22]
STEP-34; EVENT position; UNIT ROVER-ec928ed5-6f01-4879-9a25-36b8c3dc2d4f; POSITION [11,23]
STEP-35; EVENT position; UNIT ROVER-ec928ed5-6f01-4879-9a25-36b8c3dc2d4f; POSITION [12,23]
STEP-36; EVENT position; UNIT ROVER-ec928ed5-6f01-4879-9a25-36b8c3dc2d4f; POSITION [11,22]
EVENT outcome; OUTCOME NOT_COLONIZABLE_RESOURCES
STEP-0; EVENT position; UNIT ROVER-42bd5fd0-e490-4e8a-89b1-c6c27012d053; POSITION [12,12]
STEP-1; EVENT position; UNIT ROVER-42bd5fd0-e490-4e8a-89b1-c6c27012d053; POSITION [11,11]
STEP-2; EVENT position; UNIT ROVER-42bd5fd0-e490-4e8a-89b1-c6c27012d053; POSITION [12,12]
STEP-3; EVENT position; UNIT ROVER-42bd5fd0-e490-4e8a-89b1-c6c27012d053; POSITION [11,11]
STEP-4; EVENT position; UNIT ROVER-42bd5fd0-e490-4e8a-89b1-c6c27012d053; POSITION [12,12]
STEP-5; EVENT position; UNIT ROVER-42bd5fd0-e490-4e8a-89b1-c6c27012d053; POSITION [11,12]
STEP-6; EVENT position; UNIT ROVER-42bd5fd0-e490-4e8a-89b1-c6c27012d053; POSITION [10,13]
STEP-7; EVENT position; UNIT ROVER-42bd5fd0-e490-4e8a-89b1-c6c27012d053; POSITION [9,13]
STEP-8; EVENT position; UNIT ROVER-42bd5fd0-e490-4e8a-89b1-c6c27012d053; POSITION [9,14]
STEP-9; EVENT position; UNIT ROVER-42bd5fd0-e490-4e8a-89b1-c6c27012d053; POSITION [10,15]
STEP-10; EVENT position; UNIT ROVER-42bd5fd0-e490-4e8a-89b1-c6c27012d053; POSITION [9,14]
STEP-11; EVENT position; UNIT ROVER-42bd5fd0-e490-4e8a-89b1-c6c27012d053; POSITION [10,15]
STEP-12; EVENT position; UNIT ROVER-42bd5fd0-e490-4e8a-89b1-c6c27012d053; POSITION [9,14]
STEP-13; EVENT position; UNIT ROVER-42bd5fd0-e490-4e8a-89b1-c6c27012d053; POSITION [8,15]
STEP-14; EVENT position; UNIT ROVER-42bd5fd0-e490-4e8a-89b1-c6c27012d053; POSITION [9,14]
STEP-15; EVENT position; UNIT ROVER-42bd5fd0-e490-4e8a-89b1-c6c27012d053; POSITION [8,15]
STEP-16; EVENT position; UNIT ROVER-42bd5fd0-e490-4e8a-89b1-c6c27012d053; POSITION [9,14]
STEP-17; EVENT position; UNIT ROVER-42bd5fd0-e490-4e8a-89b1-c6c27012d053; POSITION [8,14]
STEP-18; EVENT position; UNIT ROVER-42bd5fd0-e490-4e8a-89b1-c6c27012d053; POSITION [7,15]
STEP-19; EVENT position; UNIT ROVER-42bd5fd0-e490-4e8a-89b1-c6c27012d053; POSITION [7,16]
STEP-20; EVENT position; UNIT ROVER-42bd5fd0-e490-4e8a-89b1-c6c27012d053; POSITION [6,16]
STEP-21; EVENT position; UNIT ROVER-42bd5fd0-e490-4e8a-89b1-c6c27012d053; POSITION [6,17]
STEP-22; EVENT position; UNIT ROVER-42bd5fd0-e490-4e8a-89b1-c6c27012d053; POSITION [5,17]
STEP-23; EVENT position; UNIT ROVER-42bd5fd0-e490-4e8a-89b1-c6c27012d053; POSITION [4,16]
STEP-24; EVENT position; UNIT ROVER-42bd5fd0-e490-4e8a-89b1-c6c27012d053; POSITION [3,15]
STEP-25; EVENT position; UNIT ROVER-42bd5fd0-e490-4e8a-89b1-c6c27012d053; POSITION [4,15]
STEP-26; EVENT position; UNIT ROVER-42bd5fd0-e490-4e8a-89b1-c6c27012d053; POSITION [4,16]
STEP-27; EVENT position; UNIT ROVER-42bd5fd0-e490-4e8a-89b1-c6c27012d053; POSITION [3,15]
STEP-28; EVENT position; UNIT ROVER-42bd5fd0-e490-4e8a-89b1-c6c27012d053; POSITION [3,16]
STEP-29; EVENT position; UNIT ROVER-42bd5fd0-e490-4e8a-89b1-c6c27012d053; POSITION [2,17]
STEP-30; EVENT position; UNIT ROVER-42bd5fd0-e490-4e8a-89b1-c6c27012d053; POSITION [3,18]
STEP-31; EVENT position; UNIT ROVER-42bd5fd0-e490-4e8a-89b1-c6c27012d053; POSITION [4,19]
STEP-32; EVENT position; UNIT ROVER-42bd5fd0-e490-4e8a-89b1-c6c27012d053; POSITION [3,19]
STEP-33; EVENT position; UNIT ROVER-42bd5fd0-e490-4e8a-89b1-c6c27012d053; POSITION [3,20]
STEP-34; EVENT position; UNIT ROVER-42bd5fd0-e490-4e8a-89b1-c6c27012d053; POSITION [2,19]
STEP-35; EVENT position; UNIT ROVER-42bd5fd0-e490-4e8a-89b1-c6c27012d053; POSITION [3,20]
EVENT outcome; OUTCOME NOT_COLONIZABLE_RESOURCES
STEP-0; EVENT position; UNIT ROVER-a077c1fb-17bf-4a9d-8727-6194d0c15fd2; POSITION [12,12]
STEP-1; EVENT position; UNIT ROVER-a077c1fb-17bf-4a9d-8727-6194d0c15fd2; POSITION [11,12]
STEP-2; EVENT position; UNIT ROVER-a077c1fb-17bf-4a9d-8727-6194d0c15fd2; POSITION [10,13]
STEP-3; EVENT position; UNIT ROVER-a077c1fb-17bf-4a9d-8727-6194d0c15fd2; POSITION [9,14]
STEP-4; EVENT position; UNIT ROVER-a077c1fb-17bf-4a9d-8727-6194d0c15fd2; POSITION [8,13]
STEP-5; EVENT position; UNIT ROVER-a077c1fb-17bf-4a9d-8727-6194d0c15fd2; POSITION [7,13]
STEP-6; EVENT position; UNIT ROVER-a077c1fb-17bf-4a9d-8727-6194d0c15fd2; POSITION [8,14]
STEP-7; EVENT position; UNIT ROVER-a077c1fb-17bf-4a9d-8727-6194d0c15fd2; POSITION [7,15]
STEP-8; EVENT position; UNIT ROVER-a077c1fb-17bf-4a9d-8727-6194d0c15fd2; POSITION [6,15]
STEP-9; EVENT position; UNIT ROVER-a077c1fb-17bf-4a9d-8727-6194d0c15fd2; POSITION [7,16]
STEP-10; EVENT position; UNIT ROVER-a077c1fb-17bf-4a9d-8727-6194d0c15fd2; POSITION [6,17]
STEP-11; EVENT position; UNIT ROVER-a077c1fb-17bf-4a9d-8727-6194d0c15fd2; POSITION [7,16]
STEP-12; EVENT position; UNIT ROVER-a077c1fb-17bf-4a9d-8727-6194d0c15fd2; POSITION [6,16]
STEP-13; EVENT position; UNIT ROVER-a077c1fb-17bf-4a9d-8727-6194d0c15fd2; POSITION [5,16]
STEP-14; EVENT position; UNIT ROVER-a077c1fb-17bf-4a9d-8727-6194d0c15fd2; POSITION [6,17]
STEP-15; EVENT position; UNIT ROVER-a077c1fb-17bf-4a9d-8727-6194d0c15fd2; POSITION [5,18]
STEP-16; EVENT position; UNIT ROVER-a077c1fb-17bf-4a9d-8727-6194d0c15fd2; POSITION [6,18]
STEP-17; EVENT position; UNIT ROVER-a077c1fb-17bf-4a9d-8727-6194d0c15fd2; POSITION [5,17]
STEP-18; EVENT position; UNIT ROVER-a077c1fb-17bf-4a9d-8727-6194d0c15fd2; POSITION [4,18]
STEP-19; EVENT position; UNIT ROVER-a077c1fb-17bf-4a9d-8727-6194d0c15fd2; POSITION [4,19]
STEP-20; EVENT position; UNIT ROVER-a077c1fb-17bf-4a9d-8727-6194d0c15fd2; POSITION [4,20]
STEP-21; EVENT position; UNIT ROVER-a077c1fb-17bf-4a9d-8727-6194d0c15fd2; POSITION [3,20]
STEP-22; EVENT position; UNIT ROVER-a077c1fb-17bf-4a9d-8727-6194d0c15fd2; POSITION [4,21]
STEP-23; EVENT position; UNIT ROVER-a077c1fb-17bf-4a9d-8727-6194d0c15fd2; POSITION [3,20]
STEP-24; EVENT position; UNIT ROVER-a077c1fb-17bf-4a9d-8727-6194d0c15fd2; POSITION [4,21]
STEP-25; EVENT position; UNIT ROVER-a077c1fb-17bf-4a9d-8727-6194d0c15fd2; POSITION [4,22]
STEP-26; EVENT position; UNIT ROVER-a077c1fb-17bf-4a9d-8727-6194d0c15fd2; POSITION [3,22]
STEP-27; EVENT position; UNIT ROVER-a077c1fb-17bf-4a9d-8727-6194d0c15fd2; POSITION [2,22]
STEP-28; EVENT position; UNIT ROVER-a077c1fb-17bf-4a9d-8727-6194d0c15fd2; POSITION [2,23]
STEP-29; EVENT position; UNIT ROVER-a077c1fb-17bf-4a9d-8727-6194d0c15fd2; POSITION [3,23]
STEP-30; EVENT position; UNIT ROVER-a077c1fb-17bf-4a9d-8727-6194d0c15fd2; POSITION [2,22]
STEP-31; EVENT position; UNIT ROVER-a077c1fb-17bf-4a9d-8727-6194d0c15fd2; POSITION [3,23]
STEP-32; EVENT position; UNIT ROVER-a077c1fb-17bf-4a9d-8727-6194d0c15fd2; POSITION [2,22]
STEP-33; EVENT position; UNIT ROVER-a077c1fb-17bf-4a9d-8727-6194d0c15fd2; POSITION [1,22]
STEP-34; EVENT position; UNIT ROVER-a077c1fb-17bf-4a9d-8727-6194d0c15fd2; POSITION [1,23]
EVENT outcome; OUTCOME NOT_COLONIZABLE_RESOURCES
STEP-0; EVENT position; UNIT ROVER-5eaa13e5-ae16-4e18-b3c0-194b2516bb70; POSITION [12,12]
STEP-1; EVENT position; UNIT ROVER-5eaa13e5-ae16-4e18-b3c0-194b2516bb70; POSITION [12,11]
STEP-2; EVENT position; UNIT ROVER-5eaa13e5-ae16-4e18-b3c0-194b2516bb70; POSITION [13,12]
STEP-3; EVENT position; UNIT ROVER-5eaa13e5-ae16-4e18-b3c0-194b2516bb70; POSITION [12,13]
STEP-4; EVENT position; UNIT ROVER-5eaa13e5-ae16-4e18-b3c0-194b2516bb70; POSITION [13,13]
STEP-5; EVENT position; UNIT ROVER-5eaa13e5-ae16-4e18-b3c0-194b2516bb70; POSITION [14,14]
STEP-6; EVENT position; UNIT ROVER-5eaa13e5-ae16-4e18-b3c0-194b2516bb70; POSITION [14,15]
STEP-7; EVENT position; UNIT ROVER-5eaa13e5-ae16-4e18-b3c0-194b2516bb70; POSITION [15,14]
STEP-8; EVENT position; UNIT ROVER-5eaa13e5-ae16-4e18-b3c0-194b2516bb70; POSITION [14,14]
STEP-9; EVENT position; UNIT ROVER-5eaa13e5-ae16-4e18-b3c0-194b2516bb70; POSITION [13,13]
STEP-10; EVENT position; UNIT ROVER-5eaa13e5-ae16-4e18-b3c0-194b2516bb70; POSITION [12,12]
STEP-11; EVENT position; UNIT ROVER-5eaa13e5-ae16-4e18-b3c0-194b2516bb70; POSITION [11,11]
STEP-12; EVENT position; UNIT ROVER-5eaa13e5-ae16-4e18-b3c0-194b2516bb70; POSITION [12,11]
STEP-13; EVENT position; UNIT ROVER-5eaa13e5-ae16-4e18-b3c0-194b2516bb70; POSITION [11,10]
STEP-14; EVENT position; UNIT ROVER-5eaa13e5-ae16-4e18-b3c0-194b2516bb70; POSITION [10,11]
STEP-15; EVENT position; UNIT ROVER-5eaa13e5-ae16-4e18-b3c0-194b2516bb70; POSITION [9,11]
STEP-16; EVENT position; UNIT ROVER-5eaa13e5-ae16-4e18-b3c0-194b2516bb70; POSITION [10,10]
STEP-17; EVENT position; UNIT ROVER-5eaa13e5-ae16-4e18-b3c0-194b2516bb70; POSITION [9,10]
STEP-18; EVENT position; UNIT ROVER-5eaa13e5-ae16-4e18-b3c0-194b2516bb70; POSITION [9,11]
STEP-19; EVENT position; UNIT ROVER-5eaa13e5-ae16-4e18-b3c0-194b2516bb70; POSITION [10,12]
STEP-20; EVENT position; UNIT ROVER-5eaa13e5-ae16-4e18-b3c0-194b2516bb70; POSITION [11,13]
STEP-21; EVENT position; UNIT ROVER-5eaa13e5-ae16-4e18-b3c0-194b2516bb70; POSITION [12,14]
STEP-22; EVENT position; UNIT ROVER-5eaa13e5-ae16-4e18-b3c0-194b2516bb70; POSITION [11,14]
STEP-23; EVENT position; UNIT ROVER-5eaa13e5-ae16-4e18-b3c0-194b2516bb70; POSITION [10,14]
STEP-24; EVENT position; UNIT ROVER-5eaa13e5-ae16-4e18-b3c0-194b2516bb70; POSITION [9,13]
STEP-25; EVENT position; UNIT ROVER-5eaa13e5-ae16-4e18-b3c0-194b2516bb70; POSITION [10,13]
STEP-26; EVENT position; UNIT ROVER-5eaa13e5-ae16-4e18-b3c0-194b2516bb70; POSITION [9,13]
STEP-27; EVENT position; UNIT ROVER-5eaa13e5-ae16-4e18-b3c0-194b2516bb70; POSITION [8,12]
STEP-28; EVENT position; UNIT ROVER-5eaa13e5-ae16-4e18-b3c0-194b2516bb70; POSITION [7,11]
STEP-29; EVENT position; UNIT ROVER-5eaa13e5-ae16-4e18-b3c0-194b2516bb70; POSITION [6,12]
STEP-30; EVENT position; UNIT ROVER-5eaa13e5-ae16-4e18-b3c0-194b2516bb70; POSITION [5,12]
STEP-31; EVENT position; UNIT ROVER-5eaa13e5-ae16-4e18-b3c0-194b2516bb70; POSITION [4,13]
STEP-32; EVENT position; UNIT ROVER-5eaa13e5-ae16-4e18-b3c0-194b2516bb70; POSITION [4,14]
STEP-33; EVENT position; UNIT ROVER-5eaa13e5-ae16-4e18-b3c0-194b2516bb70; POSITION [5,14]
STEP-34; EVENT position; UNIT ROVER-5eaa13e5-ae16-4e18-b3c0-194b2516bb70; POSITION [4,15]
STEP-35; EVENT position; UNIT ROVER-5eaa13e5-ae16-4e18-b3c0-194b2516bb70; POSITION [5,15]
STEP-36; EVENT position; UNIT ROVER-5eaa13e5-ae16-4e18-b3c0-194b2516bb70; POSITION [4,15]
STEP-37; EVENT position; UNIT ROVER-5eaa13e5-ae16-4e18-b3c0-194b2516bb70; POSITION [3,15]
STEP-38; EVENT position; UNIT ROVER-5eaa13e5-ae16-4e18-b3c0-194b2516bb70; POSITION [4,16]
STEP-39; EVENT position; UNIT ROVER-5eaa13e5-ae16-4e18-b3c0-194b2516bb70; POSITION [5,17]
STEP-40; EVENT position; UNIT ROVER-5eaa13e5-ae16-4e18-b3c0-194b2516bb70; POSITION [5,18]
EVENT outcome; OUTCOME NOT_COLONIZABLE_RESOURCES
STEP-0; EVENT position; UNIT ROVER-d9314319-9aa7-4696-a173-b171d631ec85; POSITION [12,12]
STEP-1; EVENT position; UNIT ROVER-d9314319-9aa7-4696-a173-b171d631ec85; POSITION [12,13]
STEP-2; EVENT position; UNIT ROVER-d9314319-9aa7-4696-a173-b171d631ec85; POSITION [11,12]
STEP-3; EVENT position; UNIT ROVER-d9314319-9aa7-4696-a173-b171d631ec85; POSITION [10,11]
STEP-4; EVENT position; UNIT ROVER-d9314319-9aa7-4696-a173-b171d631ec85; POSITION [10,12]
STEP-5; EVENT position; UNIT ROVER-d9314319-9aa7-4696-a173-b171d631ec85; POSITION [9,12]
STEP-6; EVENT position; UNIT ROVER-d9314319-9aa7-4696-a173-b171d631ec85; POSITION [8,11]
STEP-7; EVENT position; UNIT ROVER-d9314319-9aa7-4696-a173-b171d631ec85; POSITION [7,10]
STEP-8; EVENT position; UNIT ROVER-d9314319-9aa7-4696-a173-b171d631ec85; POSITION [8,10]
STEP-9; EVENT position; UNIT ROVER-d9314319-9aa7-4696-a173-b171d631ec85; POSITION [7,9]
STEP-10; EVENT position; UNIT ROVER-d9314319-9aa7-4696-a173-b171d631ec85; POSITION [7,10]
STEP-11; EVENT position; UNIT ROVER-d9314319-9aa7-4696-a173-b171d631ec85; POSITION [8,11]
STEP-12; EVENT position; UNIT ROVER-d9314319-9aa7-4696-a173-b171d631ec85; POSITION [7,12]
STEP-13; EVENT position; UNIT ROVER-d9314319-9aa7-4696-a173-b171d631ec85; POSITION [8,12]
STEP-14; EVENT position; UNIT ROVER-d9314319-9aa7-4696-a173-b171d631ec85; POSITION [8,13]
STEP-15; EVENT position; UNIT ROVER-d9314319-9aa7-4696-a173-b171d631ec85; POSITION [8,14]
STEP-16; EVENT position; UNIT ROVER-d9314319-9aa7-4696-a173-b171d631ec85; POSITION [9,13]
STEP-17; EVENT position; UNIT ROVER-d9314319-9aa7-4696-a173-b171d631ec85; POSITION [8,12]
STEP-18; EVENT position; UNIT ROVER-d9314319-9aa7-4696-a173-b171d631ec85; POSITION [7,12]
STEP-19; EVENT position; UNIT ROVER-d9314319-9aa7-4696-a173-b171d631ec85; POSITION [8,13]
STEP-20; EVENT position; UNIT ROVER-d9314319-9aa7-4696-a173-b171d631ec85; POSITION [7,14]
STEP-21; EVENT position; UNIT ROVER-d9314319-9aa7-4696-a173-b171d631ec85; POSITION [6,15]
STEP-22; EVENT position; UNIT ROVER-d9314319-9aa7-4696-a173-b171d631ec85; POSITION [7,15]
STEP-23; EVENT position; UNIT ROVER-d9314319-9aa7-4696-a173-b171d631ec85; POSITION [6,15]
STEP-24; EVENT position; UNIT ROVER-d9314319-9aa7-4696-a173-b171d631ec85; POSITION [6,16]
STEP-25; EVENT position; UNIT ROVER-d9314319-9aa7-4696-a173-b171d631ec85; POSITION [5,15]
STEP-26; EVENT position; UNIT ROVER-d9314319-9aa7-4696-a173-b171d631ec85; POSITION [6,16]
STEP-27; EVENT position; UNIT ROVER-d9314319-9aa7-4696-a173-b171d631ec85; POSITION [6,17]
STEP-28; EVENT position; UNIT ROVER-d9314319-9aa7-4696-a173-b171d631ec85; POSITION [5,16]
STEP-29; EVENT position; UNIT ROVER-d9314319-9aa7-4696-a173-b171d631ec85; POSITION [5,17]
STEP-30; EVENT position; UNIT ROVER-d9314319-9aa7-4696-a173-b171d631ec85; POSITION [4,17]
STEP-31; EVENT position; UNIT ROVER-d9314319-9aa7-4696-a173-b171d631ec85; POSITION [4,18]
STEP-32; EVENT position; UNIT ROVER-d9314319-9aa7-4696-a173-b171d631ec85; POSITION [5,18]
STEP-33; EVENT position; UNIT ROVER-d9314319-9aa7-4696-a173-b171d631ec85; POSITION [4,17]
STEP-34; EVENT position; UNIT ROVER-d9314319-9aa7-4696-a173-b171d631ec85; POSITION [3,17]
EVENT outcome; OUTCOME NOT_COLONIZABLE_RESOURCES
STEP-0; EVENT position; UNIT ROVER-1578e3c6-3177-4a71-8dc3-eb8ddd057933; POSITION [12,12]
STEP-1; EVENT position; UNIT ROVER-1578e3c6-3177-4a71-8dc3-eb8ddd057933; POSITION [11,13]
STEP-2; EVENT position; UNIT ROVER-1578e3c6-3177-4a71-8dc3-eb8ddd057933; POSITION [12,12]
STEP-3; EVENT position; UNIT ROVER-1578e3c6-3177-4a71-8dc3-eb8ddd057933; POSITION [13,13]
STEP-4; EVENT position; UNIT ROVER-1578e3c6-3177-4a71-8dc3-eb8ddd057933; POSITION [14,13]
STEP-5; EVENT position; UNIT ROVER-1578e3c6-3177-4a71-8dc3-eb8ddd057933; POSITION [15,14]
STEP-6; EVENT position; UNIT ROVER-1578e3c6-3177-4a71-8dc3-eb8ddd057933; POSITION [14,15]
STEP-7; EVENT position; UNIT ROVER-1578e3c6-3177-4a71-8dc3-eb8ddd057933; POSITION [15,16]
STEP-8; EVENT position; UNIT ROVER-1578e3c6-3177-4a71-8dc3-eb8ddd057933; POSITION [14,16]
STEP-9; EVENT position; UNIT ROVER-1578e3c6-3177-4a71-8dc3-eb8ddd057933; POSITION [15,16]
STEP-10; EVENT position; UNIT ROVER-1578e3c6-3177-4a71-8dc3-eb8ddd057933; POSITION [15,17]
STEP-11; EVENT position; UNIT ROVER-1578e3c6-3177-4a71-8dc3-eb8ddd057933; POSITION [14,17]
STEP-12; EVENT position; UNIT ROVER-1578e3c6-3177-4a71-8dc3-eb8ddd057933; POSITION [13,17]
STEP-13; EVENT position; UNIT ROVER-1578e3c6-3177-4a71-8dc3-eb8ddd057933; POSITION [12,18]
STEP-14; EVENT position; UNIT ROVER-1578e3c6-3177-4a71-8dc3-eb8ddd057933; POSITION [13,19]
STEP-15; EVENT position; UNIT ROVER-1578e3c6-3177-4a71-8dc3-eb8ddd057933; POSITION [12,18]
STEP-16; EVENT position; UNIT ROVER-1578e3c6-3177-4a71-8dc3-eb8ddd057933; POSITION [13,19]
STEP-17; EVENT position; UNIT ROVER-1578e3c6-3177-4a71-8dc3-eb8ddd057933; POSITION [12,20]
STEP-18; EVENT position; UNIT ROVER-1578e3c6-3177-4a71-8dc3-eb8ddd057933; POSITION [13,19]
STEP-19; EVENT position; UNIT ROVER-1578e3c6-3177-4a71-8dc3-eb8ddd057933; POSITION [12,18]
STEP-20; EVENT position; UNIT ROVER-1578e3c6-3177-4a71-8dc3-eb8ddd057933; POSITION [13,18]
STEP-21; EVENT position; UNIT ROVER-1578e3c6-3177-4a71-8dc3-eb8ddd057933; POSITION [12,17]
STEP-22; EVENT position; UNIT ROVER-1578e3c6-3177-4a71-8dc3-eb8ddd057933; POSITION [12,18]
STEP-23; EVENT position; UNIT ROVER-1578e3c6-3177-4a71-8dc3-eb8ddd057933; POSITION [11,19]
STEP-24; EVENT position; UNIT ROVER-1578e3c6-3177-4a71-8dc3-eb8ddd057933; POSITION [10,19]
STEP-25; EVENT position; UNIT ROVER-1578e3c6-3177-4a71-8dc3-eb8ddd057933; POSITION [11,20]
STEP-26; EVENT position; UNIT ROVER-1578e3c6-3177-4a71-8dc3-eb8ddd057933; POSITION [10,21]
STEP-27; EVENT position; UNIT ROVER-1578e3c6-3177-4a71-8dc3-eb8ddd057933; POSITION [11,20]
STEP-28; EVENT position; UNIT ROVER-1578e3c6-3177-4a71-8dc3-eb8ddd057933; POSITION [10,20]
STEP-29; EVENT position; UNIT ROVER-1578e3c6-3177-4a71-8dc3-eb8ddd057933; POSITION [9,21]
STEP-30; EVENT position; UNIT ROVER-1578e3c6-3177-4a71-8dc3-eb8ddd057933; POSITION [8,22]
STEP-31; EVENT position; UNIT ROVER-1578e3c6-3177-4a71-8dc3-eb8ddd057933; POSITION [9,21]
STEP-32; EVENT position; UNIT ROVER-1578e3c6-3177-4a71-8dc3-eb8ddd057933; POSITION [8,21]
STEP-33; EVENT position; UNIT ROVER-1578e3c6-3177-4a71-8dc3-eb8ddd057933; POSITION [9,22]
STEP-34; EVENT position; UNIT ROVER-1578e3c6-3177-4a71-8dc3-eb8ddd057933; POSITION [9,23]
STEP-35; EVENT position; UNIT ROVER-1578e3c6-3177-4a71-8dc3-eb8ddd057933; POSITION [8,23]
STEP-36; EVENT position; UNIT ROVER-1578e3c6-3177-4a71-8dc3-eb8ddd057933; POSITION [7,23]
STEP-37; EVENT position; UNIT ROVER-1578e3c6-3177-4a71-8dc3-eb8ddd057933; POSITION [8,23]
STEP-38; EVENT position; UNIT ROVER-1578e3c6-3177-4a71-8dc3-eb8ddd057933; POSITION [7,22]
EVENT outcome; OUTCOME NOT_COLONIZABLE_RESOURCES
STEP-0; EVENT position; UNIT ROVER-f9f9b4d2-ccbc-4354-8ec4-1a36acc91025; POSITION [12,12]
STEP-1; EVENT position; UNIT ROVER-f9f9b4d2-ccbc-4354-8ec4-1a36acc91025; POSITION [12,13]
STEP-2; EVENT position; UNIT ROVER-f9f9b4d2-ccbc-4354-8ec4-1a36acc91025; POSITION [13,13]
STEP-3; EVENT position; UNIT ROVER-f9f9b4d2-ccbc-4354-8ec4-1a36acc91025; POSITION [12,13]
STEP-4; EVENT position; UNIT ROVER-f9f9b4d2-ccbc-4354-8ec4-1a36acc91025; POSITION [13,14]
STEP-5; EVENT position; UNIT ROVER-f9f9b4d2-ccbc-4354-8ec4-1a36acc91025; POSITION [13,15]
STEP-6; EVENT position; UNIT ROVER-f9f9b4d2-ccbc-4354-8ec4-1a36acc91025; POSITION [14,15]
STEP-7; EVENT position; UNIT ROVER-f9f9b4d2-ccbc-4354-8ec4-1a36acc91025; POSITION [14,16]
STEP-8; EVENT position; UNIT ROVER-f9f9b4d2-ccbc-4354-8ec4-1a36acc91025; POSITION [14,17]
STEP-9; EVENT position; UNIT ROVER-f9f9b4d2-ccbc-4354-8ec4-1a36acc91025; POSITION [15,18]
STEP-10; EVENT position; UNIT ROVER-f9f9b4d2-ccbc-4354-8ec4-1a36acc91025; POSITION [14,18]
STEP-11; EVENT position; UNIT ROVER-f9f9b4d2-ccbc-4354-8ec4-1a36acc91025; POSITION [15,18]
STEP-12; EVENT position; UNIT ROVER-f9f9b4d2-ccbc-4354-8ec4-1a36acc91025; POSITION [16,18]
STEP-13; EVENT position; UNIT ROVER-f9f9b4d2-ccbc-4354-8ec4-1a36acc91025; POSITION [17,17]
STEP-14; EVENT position; UNIT ROVER-f9f9b4d2-ccbc-4354-8ec4-1a36acc91025; POSITION [18,16]
STEP-15; EVENT position; UNIT ROVER-f9f9b4d2-ccbc-4354-8ec4-1a36acc91025; POSITION [19,15]
STEP-16; EVENT position; UNIT ROVER-f9f9b4d2-ccbc-4354-8ec4-1a36acc91025; POSITION [19,16]
STEP-17; EVENT position; UNIT ROVER-f9f9b4d2-ccbc-4354-8ec4-1a36acc91025; POSITION [18,15]
STEP-18; EVENT position; UNIT ROVER-f9f9b4d2-ccbc-4354-8ec4-1a36acc91025; POSITION [19,16]
STEP-19; EVENT position; UNIT ROVER-f9f9b4d2-ccbc-4354-8ec4-1a36acc91025; POSITION [18,15]
STEP-20; EVENT position; UNIT ROVER-f9f9b4d2-ccbc-4354-8ec4-1a36acc91025; POSITION [18,16]
STEP-21; EVENT position; UNIT ROVER-f9f9b4d2-ccbc-4354-8ec4-1a36acc91025; POSITION [18,17]
STEP-22; EVENT position; UNIT ROVER-f9f9b4d2-ccbc-4354-8ec4-1a36acc91025; POSITION [17,17]
STEP-23; EVENT position; UNIT ROVER-f9f9b4d2-ccbc-4354-8ec4-1a36acc91025; POSITION [16,16]
STEP-24; EVENT position; UNIT ROVER-f9f9b4d2-ccbc-4354-8ec4-1a36acc91025; POSITION [17,16]
STEP-25; EVENT position; UNIT ROVER-f9f9b4d2-ccbc-4354-8ec4-1a36acc91025; POSITION [16,16]
STEP-26; EVENT position; UNIT ROVER-f9f9b4d2-ccbc-4354-8ec4-1a36acc91025; POSITION [15,17]
STEP-27; EVENT position; UNIT ROVER-f9f9b4d2-ccbc-4354-8ec4-1a36acc91025; POSITION [14,17]
STEP-28; EVENT position; UNIT ROVER-f9f9b4d2-ccbc-4354-8ec4-1a36acc91025; POSITION [14,18]
STEP-29; EVENT position; UNIT ROVER-f9f9b4d2-ccbc-4354-8ec4-1a36acc91025; POSITION [13,17]
STEP-30; EVENT position; UNIT ROVER-f9f9b4d2-ccbc-4354-8ec4-1a36acc91025; POSITION [13,18]
STEP-31; EVENT position; UNIT ROVER-f9f9b4d2-ccbc-4354-8ec4-1a36acc91025; POSITION [12,19]
STEP-32; EVENT position; UNIT ROVER-f9f9b4d2-ccbc-4354-8ec4-1a36acc91025; POSITION [11,18]
STEP-33; EVENT position; UNIT ROVER-f9f9b4d2-ccbc-4354-8ec4-1a36acc91025; POSITION [12,18]
STEP-34; EVENT position; UNIT ROVER-f9f9b4d2-ccbc-4354-8ec4-1a36acc91025; POSITION [11,18]
STEP-35; EVENT position; UNIT ROVER-f9f9b4d2-ccbc-4354-8ec4-1a36acc91025; POSITION [10,19]
STEP-36; EVENT position; UNIT ROVER-f9f9b4d2-ccbc-4354-8ec4-1a36acc91025; POSITION [11,18]
STEP-37; EVENT position; UNIT ROVER-f9f9b4d2-ccbc-4354-8ec4-1a36acc91025; POSITION [10,18]
STEP-38; EVENT position; UNIT ROVER-f9f9b4d2-ccbc-4354-8ec4-1a36acc91025; POSITION [10,19]
STEP-39; EVENT position; UNIT ROVER-f9f9b4d2-ccbc-4354-8ec4-1a36acc91025; POSITION [9,20]
STEP-40; EVENT position; UNIT ROVER-f9f9b4d2-ccbc-4354-8ec4-1a36acc91025; POSITION [8,21]
STEP-41; EVENT position; UNIT ROVER-f9f9b4d2-ccbc-4354-8ec4-1a36acc91025; POSITION [9,20]
STEP-42; EVENT position; UNIT ROVER-f9f9b4d2-ccbc-4354-8ec4-1a36acc91025; POSITION [9,21]
STEP-43; EVENT position; UNIT ROVER-f9f9b4d2-ccbc-4354-8ec4-1a36acc91025; POSITION [9,22]
STEP-44; EVENT position; UNIT ROVER-f9f9b4d2-ccbc-4354-8ec4-1a36acc91025; POSITION [8,21]
STEP-45; EVENT position; UNIT ROVER-f9f9b4d2-ccbc-4354-8ec4-1a36acc91025; POSITION [7,21]
STEP-46; EVENT position; UNIT ROVER-f9f9b4d2-ccbc-4354-8ec4-1a36acc91025; POSITION [7,22]
STEP-47; EVENT position; UNIT ROVER-f9f9b4d2-ccbc-4354-8ec4-1a36acc91025; POSITION [8,22]
EVENT outcome; OUTCOME NOT_COLONIZABLE_RESOURCES
STEP-0; EVENT position; UNIT ROVER-0f43714d-7df3-4975-a82e-d6317fd569f2; POSITION [12,12]
STEP-1; EVENT position; UNIT ROVER-0f43714d-7df3-4975-a82e-d6317fd569f2; POSITION [13,13]
STEP-2; EVENT position; UNIT ROVER-0f43714d-7df3-4975-a82e-d6317fd569f2; POSITION [12,12]
STEP-3; EVENT position; UNIT ROVER-0f43714d-7df3-4975-a82e-d6317fd569f2; POSITION [11,13]
STEP-4; EVENT position; UNIT ROVER-0f43714d-7df3-4975-a82e-d6317fd569f2; POSITION [11,14]
STEP-5; EVENT position; UNIT ROVER-0f43714d-7df3-4975-a82e-d6317fd569f2; POSITION [12,14]
STEP-6; EVENT position; UNIT ROVER-0f43714d-7df3-4975-a82e-d6317fd569f2; POSITION [13,15]
STEP-7; EVENT position; UNIT ROVER-0f43714d-7df3-4975-a82e-d6317fd569f2; POSITION [14,16]
STEP-8; EVENT position; UNIT ROVER-0f43714d-7df3-4975-a82e-d6317fd569f2; POSITION [14,17]
STEP-9; EVENT position; UNIT ROVER-0f43714d-7df3-4975-a82e-d6317fd569f2; POSITION [13,17]
STEP-10; EVENT position; UNIT ROVER-0f43714d-7df3-4975-a82e-d6317fd569f2; POSITION [12,17]
STEP-11; EVENT position; UNIT ROVER-0f43714d-7df3-4975-a82e-d6317fd569f2; POSITION [12,18]
STEP-12; EVENT position; UNIT ROVER-0f43714d-7df3-4975-a82e-d6317fd569f2; POSITION [11,19]
STEP-13; EVENT position; UNIT ROVER-0f43714d-7df3-4975-a82e-d6317fd569f2; POSITION [11,20]
STEP-14; EVENT position; UNIT ROVER-0f43714d-7df3-4975-a82e-d6317fd569f2; POSITION [10,19]
STEP-15; EVENT position; UNIT ROVER-0f43714d-7df3-4975-a82e-d6317fd569f2; POSITION [9,18]
STEP-16; EVENT position; UNIT ROVER-0f43714d-7df3-4975-a82e-d6317fd569f2; POSITION [8,19]
STEP-17; EVENT position; UNIT ROVER-0f43714d-7df3-4975-a82e-d6317fd569f2; POSITION [9,18]
STEP-18; EVENT position; UNIT ROVER-0f43714d-7df3-4975-a82e-d6317fd569f2; POSITION [8,19]
STEP-19; EVENT position; UNIT ROVER-0f43714d-7df3-4975-a82e-d6317fd569f2; POSITION [7,20]
STEP-20; EVENT position; UNIT ROVER-0f43714d-7df3-4975-a82e-d6317fd569f2; POSITION [8,21]
STEP-21; EVENT position; UNIT ROVER-0f43714d-7df3-4975-a82e-d6317fd569f2; POSITION [9,21]
STEP-22; EVENT position; UNIT ROVER-0f43714d-7df3-4975-a82e-d6317fd569f2; POSITION [8,20]
STEP-23; EVENT position; UNIT ROVER-0f43714d-7df3-4975-a82e-d6317fd569f2; POSITION [7,21]
STEP-24; EVENT position; UNIT ROVER-0f43714d-7df3-4975-a82e-d6317fd569f2; POSITION [6,22]
STEP-25; EVENT position; UNIT ROVER-0f43714d-7df3-4975-a82e-d6317fd569f2; POSITION [5,22]
STEP-26; EVENT position; UNIT ROVER-0f43714d-7df3-4975-a82e-d6317fd569f2; POSITION [4,22]
STEP-27; EVENT position; UNIT ROVER-0f43714d-7df3-4975-a82e-d6317fd569f2; POSITION [5,21]
STEP-28; EVENT position; UNIT ROVER-0f43714d-7df3-4975-a82e-d6317fd569f2; POSITION [4,20]
STEP-29; EVENT position; UNIT ROVER-0f43714d-7df3-4975-a82e-d6317fd569f2; POSITION [4,21]
STEP-30; EVENT position; UNIT ROVER-0f43714d-7df3-4975-a82e-d6317fd569f2; POSITION [4,22]
STEP-31; EVENT position; UNIT ROVER-0f43714d-7df3-4975-a82e-d6317fd569f2; POSITION [3,22]
STEP-32; EVENT position; UNIT ROVER-0f43714d-7df3-4975-a82e-d6317fd569f2; POSITION [2,22]
STEP-33; EVENT position; UNIT ROVER-0f43714d-7df3-4975-a82e-d6317fd569f2; POSITION [1,22]
STEP-34; EVENT position; UNIT ROVER-0f43714d-7df3-4975-a82e-d6317fd569f2; POSITION [1,23]
EVENT outcome; OUTCOME NOT_COLONIZABLE_RESOURCES
STEP-0; EVENT position; UNIT ROVER-b2dd841e-5f67-4615-82ec-b4fb4651c801; POSITION [12,12]
STEP-1; EVENT position; UNIT ROVER-b2dd841e-5f67-4615-82ec-b4fb4651c801; POSITION [13,13]
STEP-2; EVENT position; UNIT ROVER-b2dd841e-5f67-4615-82ec-b4fb4651c801; POSITION [14,12]
STEP-3; EVENT position; UNIT ROVER-b2dd841e-5f67-4615-82ec-b4fb4651c801; POSITION [13,13]
STEP-4; EVENT position; UNIT ROVER-b2dd841e-5f67-4615-82ec-b4fb4651c801; POSITION [12,12]
STEP-5; EVENT position; UNIT ROVER-b2dd841e-5f67-4615-82ec-b4fb4651c801; POSITION [11,12]
STEP-6; EVENT position; UNIT ROVER-b2dd841e-5f67-4615-82ec-b4fb4651c801; POSITION [11,13]
STEP-7; EVENT position; UNIT ROVER-b2dd841e-5f67-4615-82ec-b4fb4651c801; POSITION [10,13]
STEP-8; EVENT position; UNIT ROVER-b2dd841e-5f67-4615-82ec-b4fb4651c801; POSITION [11,13]
STEP-9; EVENT position; UNIT ROVER-b2dd841e-5f67-4615-82ec-b4fb4651c801; POSITION [10,14]
STEP-10; EVENT position; UNIT ROVER-b2dd841e-5f67-4615-82ec-b4fb4651c801; POSITION [11,15]
STEP-11; EVENT position; UNIT ROVER-b2dd841e-5f67-4615-82ec-b4fb4651c801; POSITION [12,16]
STEP-12; EVENT position; UNIT ROVER-b2dd841e-5f67-4615-82ec-b4fb4651c801; POSITION [13,17]
STEP-13; EVENT position; UNIT ROVER-b2dd841e-5f67-4615-82ec-b4fb4651c801; POSITION [14,18]
STEP-14; EVENT position; UNIT ROVER-b2dd841e-5f67-4615-82ec-b4fb4651c801; POSITION [13,19]
STEP-15; EVENT position; UNIT ROVER-b2dd841e-5f67-4615-82ec-b4fb4651c801; POSITION [12,19]
STEP-16; EVENT position; UNIT ROVER-b2dd841e-5f67-4615-82ec-b4fb4651c801; POSITION [11,20]
STEP-17; EVENT position; UNIT ROVER-b2dd841e-5f67-4615-82ec-b4fb4651c801; POSITION [12,20]
STEP-18; EVENT position; UNIT ROVER-b2dd841e-5f67-4615-82ec-b4fb4651c801; POSITION [11,20]
STEP-19; EVENT position; UNIT ROVER-b2dd841e-5f67-4615-82ec-b4fb4651c801; POSITION [10,21]
STEP-20; EVENT position; UNIT ROVER-b2dd841e-5f67-4615-82ec-b4fb4651c801; POSITION [11,22]
STEP-21; EVENT position; UNIT ROVER-b2dd841e-5f67-4615-82ec-b4fb4651c801; POSITION [10,22]
STEP-22; EVENT position; UNIT ROVER-b2dd841e-5f67-4615-82ec-b4fb4651c801; POSITION [11,23]
STEP-23; EVENT position; UNIT ROVER-b2dd841e-5f67-4615-82ec-b4fb4651c801; POSITION [10,23]
STEP-24; EVENT position; UNIT ROVER-b2dd841e-5f67-4615-82ec-b4fb4651c801; POSITION [9,23]
STEP-25; EVENT position; UNIT ROVER-b2dd841e-5f67-4615-82ec-b4fb4651c801; POSITION [10,23]
STEP-26; EVENT position; UNIT ROVER-b2dd841e-5f67-4615-82ec-b4fb4651c801; POSITION [9,22]
STEP-27; EVENT position; UNIT ROVER-b2dd841e-5f67-4615-82ec-b4fb4651c801; POSITION [9,23]
STEP-28; EVENT position; UNIT ROVER-b2dd841e-5f67-4615-82ec-b4fb4651c801; POSITION [8,22]
STEP-29; EVENT position; UNIT ROVER-b2dd841e-5f67-4615-82ec-b4fb4651c801; POSITION [7,23]
STEP-30; EVENT position; UNIT ROVER-b2dd841e-5f67-4615-82ec-b4fb4651c801; POSITION [8,23]
STEP-31; EVENT position; UNIT ROVER-b2dd841e-5f67-4615-82ec-b4fb4651c801; POSITION [7,22]
STEP-32; EVENT position; UNIT ROVER-b2dd841e-5f67-4615-82ec-b4fb4651c801; POSITION [8,23]
STEP-33; EVENT position; UNIT ROVER-b2dd841e-5f67-4615-82ec-b4fb4651c801; POSITION [9,23]
STEP-34; EVENT position; UNIT ROVER-b2dd841e-5f67-4615-82ec-b4fb4651c801; POSITION [10,22]
EVENT outcome; OUTCOME NOT_COLONIZABLE_RESOURCES
STEP-0; EVENT position; UNIT ROVER-5f763575-2ab7-4cbe-b3e4-e2566b30181d; POSITION [12,12]
STEP-1; EVENT position; UNIT ROVER-5f763575-2ab7-4cbe-b3e4-e2566b30181d; POSITION [12,11]
STEP-2; EVENT position; UNIT ROVER-5f763575-2ab7-4cbe-b3e4-e2566b30181d; POSITION [13,12]
STEP-3; EVENT position; UNIT ROVER-5f763575-2ab7-4cbe-b3e4-e2566b30181d; POSITION [12,12]
STEP-4; EVENT position; UNIT ROVER-5f763575-2ab7-4cbe-b3e4-e2566b30181d; POSITION [11,13]
STEP-5; EVENT position; UNIT ROVER-5f763575-2ab7-4cbe-b3e4-e2566b30181d; POSITION [11,14]
STEP-6; EVENT position; UNIT ROVER-5f763575-2ab7-4cbe-b3e4-e2566b30181d; POSITION [10,13]
STEP-7; EVENT position; UNIT ROVER-5f763575-2ab7-4cbe-b3e4-e2566b30181d; POSITION [11,13]
STEP-8; EVENT position; UNIT ROVER-5f763575-2ab7-4cbe-b3e4-e2566b30181d; POSITION [10,14]
STEP-9; EVENT position; UNIT ROVER-5f763575-2ab7-4cbe-b3e4-e2566b30181d; POSITION [9,13]
STEP-10; EVENT position; UNIT ROVER-5f763575-2ab7-4cbe-b3e4-e2566b30181d; POSITION [10,14]
STEP-11; EVENT position; UNIT ROVER-5f763575-2ab7-4cbe-b3e4-e2566b30181d; POSITION [10,15]
STEP-12; EVENT position; UNIT ROVER-5f763575-2ab7-4cbe-b3e4-e2566b30181d; POSITION [10,16]
STEP-13; EVENT position; UNIT ROVER-5f763575-2ab7-4cbe-b3e4-e2566b30181d; POSITION [11,15]
STEP-14; EVENT position; UNIT ROVER-5f763575-2ab7-4cbe-b3e4-e2566b30181d; POSITION [11,16]
STEP-15; EVENT position; UNIT ROVER-5f763575-2ab7-4cbe-b3e4-e2566b30181d; POSITION [10,17]
STEP-16; EVENT position; UNIT ROVER-5f763575-2ab7-4cbe-b3e4-e2566b30181d; POSITION [10,18]
STEP-17; EVENT position; UNIT ROVER-5f763575-2ab7-4cbe-b3e4-e2566b30181d; POSITION [11,19]
STEP-18; EVENT position; UNIT ROVER-5f763575-2ab7-4cbe-b3e4-e2566b30181d; POSITION [10,20]
STEP-19; EVENT position; UNIT ROVER-5f763575-2ab7-4cbe-b3e4-e2566b30181d; POSITION [9,19]
STEP-20; EVENT position; UNIT ROVER-5f763575-2ab7-4cbe-b3e4-e2566b30181d; POSITION [8,20]
STEP-21; EVENT position; UNIT ROVER-5f763575-2ab7-4cbe-b3e4-e2566b30181d; POSITION [7,19]
STEP-22; EVENT position; UNIT ROVER-5f763575-2ab7-4cbe-b3e4-e2566b30181d; POSITION [6,19]
STEP-23; EVENT position; UNIT ROVER-5f763575-2ab7-4cbe-b3e4-e2566b30181d; POSITION [5,18]
STEP-24; EVENT position; UNIT ROVER-5f763575-2ab7-4cbe-b3e4-e2566b30181d; POSITION [4,19]
STEP-25; EVENT position; UNIT ROVER-5f763575-2ab7-4cbe-b3e4-e2566b30181d; POSITION [3,19]
STEP-26; EVENT position; UNIT ROVER-5f763575-2ab7-4cbe-b3e4-e2566b30181d; POSITION [4,19]
STEP-27; EVENT position; UNIT ROVER-5f763575-2ab7-4cbe-b3e4-e2566b30181d; POSITION [4,20]
STEP-28; EVENT position; UNIT ROVER-5f763575-2ab7-4cbe-b3e4-e2566b30181d; POSITION [5,21]
STEP-29; EVENT position; UNIT ROVER-5f763575-2ab7-4cbe-b3e4-e2566b30181d; POSITION [6,21]
STEP-30; EVENT position; UNIT ROVER-5f763575-2ab7-4cbe-b3e4-e2566b30181d; POSITION [5,20]
STEP-31; EVENT position; UNIT ROVER-5f763575-2ab7-4cbe-b3e4-e2566b30181d; POSITION [4,20]
STEP-32; EVENT position; UNIT ROVER-5f763575-2ab7-4cbe-b3e4-e2566b30181d; POSITION [3,19]
STEP-33; EVENT position; UNIT ROVER-5f763575-2ab7-4cbe-b3e4-e2566b30181d; POSITION [3,20]
STEP-34; EVENT position; UNIT ROVER-5f763575-2ab7-4cbe-b3e4-e2566b30181d; POSITION [2,19]
STEP-35; EVENT position; UNIT ROVER-5f763575-2ab7-4cbe-b3e4-e2566b30181d; POSITION [3,19]
EVENT outcome; OUTCOME NOT_COLONIZABLE_RESOURCES
