STEP-0; EVENT position; UNIT EXPLORING ROVER-99f9ff63-36fe-477c-99ff-81433d267376; POSITION [16,7]
STEP-1; EVENT position; UNIT EXPLORING ROVER-99f9ff63-36fe-477c-99ff-81433d267376; POSITION [16,8]
STEP-2; EVENT position; UNIT EXPLORING ROVER-99f9ff63-36fe-477c-99ff-81433d267376; POSITION [15,8]
STEP-3; EVENT position; UNIT EXPLORING ROVER-99f9ff63-36fe-477c-99ff-81433d267376; POSITION [14,8]
STEP-4; EVENT position; UNIT EXPLORING ROVER-99f9ff63-36fe-477c-99ff-81433d267376; POSITION [15,9]
STEP-5; EVENT position; UNIT EXPLORING ROVER-99f9ff63-36fe-477c-99ff-81433d267376; POSITION [14,8]
STEP-6; EVENT position; UNIT EXPLORING ROVER-99f9ff63-36fe-477c-99ff-81433d267376; POSITION [13,8]
STEP-7; EVENT position; UNIT EXPLORING ROVER-99f9ff63-36fe-477c-99ff-81433d267376; POSITION [14,8]
STEP-8; EVENT position; UNIT EXPLORING ROVER-99f9ff63-36fe-477c-99ff-81433d267376; POSITION [15,9]
STEP-9; EVENT position; UNIT EXPLORING ROVER-99f9ff63-36fe-477c-99ff-81433d267376; POSITION [14,9]
STEP-10; EVENT position; UNIT EXPLORING ROVER-99f9ff63-36fe-477c-99ff-81433d267376; POSITION [13,8]
STEP-11; EVENT position; UNIT EXPLORING ROVER-99f9ff63-36fe-477c-99ff-81433d267376; POSITION [12,8]
STEP-12; EVENT position; UNIT EXPLORING ROVER-99f9ff63-36fe-477c-99ff-81433d267376; POSITION [13,8]
STEP-13; EVENT position; UNIT EXPLORING ROVER-99f9ff63-36fe-477c-99ff-81433d267376; POSITION [14,9]
STEP-14; EVENT position; UNIT EXPLORING ROVER-99f9ff63-36fe-477c-99ff-81433d267376; POSITION [13,8]
STEP-15; EVENT position; UNIT EXPLORING ROVER-99f9ff63-36fe-477c-99ff-81433d267376; POSITION [14,9]
STEP-16; EVENT position; UNIT EXPLORING ROVER-99f9ff63-36fe-477c-99ff-81433d267376; POSITION [13,8]
STEP-17; EVENT position; UNIT EXPLORING ROVER-99f9ff63-36fe-477c-99ff-81433d267376; POSITION [14,9]
STEP-18; EVENT position; UNIT EXPLORING ROVER-99f9ff63-36fe-477c-99ff-81433d267376; POSITION [13,8]
STEP-19; EVENT position; UNIT EXPLORING ROVER-99f9ff63-36fe-477c-99ff-81433d267376; POSITION [14,9]
STEP-20; EVENT position; UNIT EXPLORING ROVER-99f9ff63-36fe-477c-99ff-81433d267376; POSITION [13,8]
STEP-21; EVENT position; UNIT EXPLORING ROVER-99f9ff63-36fe-477c-99ff-81433d267376; POSITION [14,9]
STEP-22; EVENT position; UNIT EXPLORING ROVER-99f9ff63-36fe-477c-99ff-81433d267376; POSITION [13,8]
STEP-23; EVENT position; UNIT EXPLORING ROVER-99f9ff63-36fe-477c-99ff-81433d267376; POSITION [12,7]
STEP-24; EVENT position; UNIT EXPLORING ROVER-99f9ff63-36fe-477c-99ff-81433d267376; POSITION [12,8]
STEP-25; EVENT position; UNIT EXPLORING ROVER-99f9ff63-36fe-477c-99ff-81433d267376; POSITION [12,9]
STEP-26; EVENT position; UNIT EXPLORING ROVER-99f9ff63-36fe-477c-99ff-81433d267376; POSITION [11,9]
EVENT outcome; OUTCOME COLONIZABLE
STEP-27; EVENT position(move to building spot); UNIT EXPLORING ROVER-99f9ff63-36fe-477c-99ff-81433d267376; POSITION [11,9]
STEP-28; EVENT position(move to building spot); UNIT EXPLORING ROVER-99f9ff63-36fe-477c-99ff-81433d267376; POSITION [10,8]
STEP-29; EVENT position(move to building spot); UNIT EXPLORING ROVER-99f9ff63-36fe-477c-99ff-81433d267376; POSITION [9,7]
STEP-30; EVENT position(move to building spot); UNIT EXPLORING ROVER-99f9ff63-36fe-477c-99ff-81433d267376; POSITION [8,7]
ROVER MOVING TOWARDS GATHERING LOCATION;Coordinate[x=5, y=6]
ROVER MOVING TOWARDS GATHERING LOCATION;Coordinate[x=5, y=6]
ROVER MOVING TOWARDS GATHERING LOCATION;Coordinate[x=4, y=5]
ROVER MOVING TOWARDS GATHERING LOCATION;Coordinate[x=5, y=4]
STEP-35; EVENT gathering; UNIT EXPLORING ROVER-ccccb53c-3cc8-42e6-9479-1a5e9fab9242; RESOURCES GATHERED - TYPE: * / AMOUNT - 5; POSITION [5,3]
STEP-36; EVENT gathering; UNIT EXPLORING ROVER-ccccb53c-3cc8-42e6-9479-1a5e9fab9242; RESOURCES GATHERED - TYPE: * / AMOUNT - 5; POSITION [5,3]
STEP-37; EVENT gathering; UNIT EXPLORING ROVER-ccccb53c-3cc8-42e6-9479-1a5e9fab9242; RESOURCES GATHERED - TYPE: * / AMOUNT - 5; POSITION [5,3]
ROVER MOVING BACK TO BASE;Coordinate[x=5, y=4]
ROVER MOVING BACK TO BASE;Coordinate[x=4, y=5]
ROVER MOVING BACK TO BASE;Coordinate[x=5, y=6]
ROVER MOVING TOWARDS GATHERING LOCATION;Coordinate[x=5, y=6]
ROVER MOVING TOWARDS GATHERING LOCATION;Coordinate[x=5, y=6]
ROVER MOVING TOWARDS GATHERING LOCATION;Coordinate[x=4, y=5]
ROVER MOVING TOWARDS GATHERING LOCATION;Coordinate[x=5, y=4]
STEP-45; EVENT gathering; UNIT EXPLORING ROVER-ccccb53c-3cc8-42e6-9479-1a5e9fab9242; RESOURCES GATHERED - TYPE: * / AMOUNT - 5; POSITION [5,3]
STEP-46; EVENT gathering; UNIT EXPLORING ROVER-ccccb53c-3cc8-42e6-9479-1a5e9fab9242; RESOURCES GATHERED - TYPE: * / AMOUNT - 5; POSITION [5,3]
STEP-47; EVENT gathering; UNIT EXPLORING ROVER-ccccb53c-3cc8-42e6-9479-1a5e9fab9242; RESOURCES GATHERED - TYPE: * / AMOUNT - 5; POSITION [5,3]
ROVER MOVING BACK TO BASE;Coordinate[x=5, y=4]
ROVER MOVING BACK TO BASE;Coordinate[x=4, y=5]
ROVER MOVING BACK TO BASE;Coordinate[x=5, y=6]
STEP-0; EVENT position; UNIT EXPLORING ROVER-45083d1d-f1ac-4357-8eeb-238ebe4410ac; POSITION [16,7]
STEP-1; EVENT position; UNIT EXPLORING ROVER-45083d1d-f1ac-4357-8eeb-238ebe4410ac; POSITION [15,7]
STEP-2; EVENT position; UNIT EXPLORING ROVER-45083d1d-f1ac-4357-8eeb-238ebe4410ac; POSITION [15,8]
STEP-3; EVENT position; UNIT EXPLORING ROVER-45083d1d-f1ac-4357-8eeb-238ebe4410ac; POSITION [16,9]
STEP-4; EVENT position; UNIT EXPLORING ROVER-45083d1d-f1ac-4357-8eeb-238ebe4410ac; POSITION [15,8]
STEP-5; EVENT position; UNIT EXPLORING ROVER-45083d1d-f1ac-4357-8eeb-238ebe4410ac; POSITION [15,9]
STEP-6; EVENT position; UNIT EXPLORING ROVER-45083d1d-f1ac-4357-8eeb-238ebe4410ac; POSITION [14,9]
STEP-7; EVENT position; UNIT EXPLORING ROVER-45083d1d-f1ac-4357-8eeb-238ebe4410ac; POSITION [13,8]
STEP-8; EVENT position; UNIT EXPLORING ROVER-45083d1d-f1ac-4357-8eeb-238ebe4410ac; POSITION [12,7]
STEP-9; EVENT position; UNIT EXPLORING ROVER-45083d1d-f1ac-4357-8eeb-238ebe4410ac; POSITION [11,6]
EVENT outcome; OUTCOME COLONIZABLE
STEP-10; EVENT position(move to building spot); UNIT EXPLORING ROVER-45083d1d-f1ac-4357-8eeb-238ebe4410ac; POSITION [11,6]
STEP-11; EVENT position(move to building spot); UNIT EXPLORING ROVER-45083d1d-f1ac-4357-8eeb-238ebe4410ac; POSITION [10,5]
STEP-12; EVENT position(move to building spot); UNIT EXPLORING ROVER-45083d1d-f1ac-4357-8eeb-238ebe4410ac; POSITION [9,6]
STEP-13; EVENT position(move to building spot); UNIT EXPLORING ROVER-45083d1d-f1ac-4357-8eeb-238ebe4410ac; POSITION [8,7]
ROVER MOVING TOWARDS GATHERING LOCATION;Coordinate[x=5, y=5]
ROVER MOVING TOWARDS GATHERING LOCATION;Coordinate[x=5, y=5]
ROVER MOVING TOWARDS GATHERING LOCATION;Coordinate[x=4, y=4]
STEP-17; EVENT gathering; UNIT EXPLORING ROVER-51d61718-1fe3-4634-95d0-f8ce85fe9cd8; RESOURCES GATHERED - TYPE: * / AMOUNT - 5; POSITION [5,3]
STEP-18; EVENT gathering; UNIT EXPLORING ROVER-51d61718-1fe3-4634-95d0-f8ce85fe9cd8; RESOURCES GATHERED - TYPE: * / AMOUNT - 5; POSITION [5,3]
STEP-19; EVENT gathering; UNIT EXPLORING ROVER-51d61718-1fe3-4634-95d0-f8ce85fe9cd8; RESOURCES GATHERED - TYPE: * / AMOUNT - 5; POSITION [5,3]
ROVER MOVING BACK TO BASE;Coordinate[x=4, y=4]
ROVER MOVING BACK TO BASE;Coordinate[x=5, y=5]
ROVER MOVING TOWARDS GATHERING LOCATION;Coordinate[x=5, y=5]
ROVER MOVING TOWARDS GATHERING LOCATION;Coordinate[x=5, y=5]
ROVER MOVING TOWARDS GATHERING LOCATION;Coordinate[x=4, y=4]
STEP-25; EVENT gathering; UNIT EXPLORING ROVER-51d61718-1fe3-4634-95d0-f8ce85fe9cd8; RESOURCES GATHERED - TYPE: * / AMOUNT - 5; POSITION [5,3]
STEP-26; EVENT gathering; UNIT EXPLORING ROVER-51d61718-1fe3-4634-95d0-f8ce85fe9cd8; RESOURCES GATHERED - TYPE: * / AMOUNT - 5; POSITION [5,3]
STEP-27; EVENT gathering; UNIT EXPLORING ROVER-51d61718-1fe3-4634-95d0-f8ce85fe9cd8; RESOURCES GATHERED - TYPE: * / AMOUNT - 5; POSITION [5,3]
ROVER MOVING BACK TO BASE;Coordinate[x=4, y=4]
ROVER MOVING BACK TO BASE;Coordinate[x=5, y=5]
STEP-0; EVENT position; UNIT EXPLORING ROVER-f4995cd5-dc1b-4cde-afc1-0e5fbbdd8b47; POSITION [16,7]
STEP-1; EVENT position; UNIT EXPLORING ROVER-f4995cd5-dc1b-4cde-afc1-0e5fbbdd8b47; POSITION [16,8]
STEP-2; EVENT position; UNIT EXPLORING ROVER-f4995cd5-dc1b-4cde-afc1-0e5fbbdd8b47; POSITION [15,9]
STEP-3; EVENT position; UNIT EXPLORING ROVER-f4995cd5-dc1b-4cde-afc1-0e5fbbdd8b47; POSITION [16,9]
STEP-4; EVENT position; UNIT EXPLORING ROVER-f4995cd5-dc1b-4cde-afc1-0e5fbbdd8b47; POSITION [17,9]
STEP-5; EVENT position; UNIT EXPLORING ROVER-f4995cd5-dc1b-4cde-afc1-0e5fbbdd8b47; POSITION [18,9]
STEP-6; EVENT position; UNIT EXPLORING ROVER-f4995cd5-dc1b-4cde-afc1-0e5fbbdd8b47; POSITION [18,10]
EVENT outcome; OUTCOME COLONIZABLE
STEP-7; EVENT position(move to building spot); UNIT EXPLORING ROVER-f4995cd5-dc1b-4cde-afc1-0e5fbbdd8b47; POSITION [18,10]
STEP-8; EVENT position(move to building spot); UNIT EXPLORING ROVER-f4995cd5-dc1b-4cde-afc1-0e5fbbdd8b47; POSITION [17,9]
STEP-9; EVENT position(move to building spot); UNIT EXPLORING ROVER-f4995cd5-dc1b-4cde-afc1-0e5fbbdd8b47; POSITION [16,8]
STEP-10; EVENT position(move to building spot); UNIT EXPLORING ROVER-f4995cd5-dc1b-4cde-afc1-0e5fbbdd8b47; POSITION [15,7]
ROVER MOVING TOWARDS GATHERING LOCATION;Coordinate[x=12, y=12]
ROVER MOVING TOWARDS GATHERING LOCATION;Coordinate[x=12, y=12]
ROVER MOVING TOWARDS GATHERING LOCATION;Coordinate[x=11, y=11]
ROVER MOVING TOWARDS GATHERING LOCATION;Coordinate[x=10, y=10]
ROVER MOVING TOWARDS GATHERING LOCATION;Coordinate[x=9, y=9]
ROVER MOVING TOWARDS GATHERING LOCATION;Coordinate[x=8, y=8]
ROVER MOVING TOWARDS GATHERING LOCATION;Coordinate[x=8, y=7]
ROVER MOVING TOWARDS GATHERING LOCATION;Coordinate[x=7, y=6]
STEP-19; EVENT gathering; UNIT EXPLORING ROVER-06b2f681-59fd-4530-ac29-6b71ae8cc188; RESOURCES GATHERED - TYPE: * / AMOUNT - 5; POSITION [6,5]
STEP-20; EVENT gathering; UNIT EXPLORING ROVER-06b2f681-59fd-4530-ac29-6b71ae8cc188; RESOURCES GATHERED - TYPE: * / AMOUNT - 5; POSITION [6,5]
STEP-21; EVENT gathering; UNIT EXPLORING ROVER-06b2f681-59fd-4530-ac29-6b71ae8cc188; RESOURCES GATHERED - TYPE: * / AMOUNT - 5; POSITION [6,5]
ROVER MOVING BACK TO BASE;Coordinate[x=7, y=6]
ROVER MOVING BACK TO BASE;Coordinate[x=8, y=7]
ROVER MOVING BACK TO BASE;Coordinate[x=8, y=8]
ROVER MOVING BACK TO BASE;Coordinate[x=9, y=9]
ROVER MOVING BACK TO BASE;Coordinate[x=10, y=10]
ROVER MOVING BACK TO BASE;Coordinate[x=11, y=11]
ROVER MOVING BACK TO BASE;Coordinate[x=12, y=12]
ROVER MOVING TOWARDS GATHERING LOCATION;Coordinate[x=12, y=12]
ROVER MOVING TOWARDS GATHERING LOCATION;Coordinate[x=12, y=12]
ROVER MOVING TOWARDS GATHERING LOCATION;Coordinate[x=11, y=11]
ROVER MOVING TOWARDS GATHERING LOCATION;Coordinate[x=10, y=10]
ROVER MOVING TOWARDS GATHERING LOCATION;Coordinate[x=9, y=9]
ROVER MOVING TOWARDS GATHERING LOCATION;Coordinate[x=8, y=8]
ROVER MOVING TOWARDS GATHERING LOCATION;Coordinate[x=8, y=7]
ROVER MOVING TOWARDS GATHERING LOCATION;Coordinate[x=7, y=6]
STEP-37; EVENT gathering; UNIT EXPLORING ROVER-06b2f681-59fd-4530-ac29-6b71ae8cc188; RESOURCES GATHERED - TYPE: * / AMOUNT - 5; POSITION [6,5]
STEP-38; EVENT gathering; UNIT EXPLORING ROVER-06b2f681-59fd-4530-ac29-6b71ae8cc188; RESOURCES GATHERED - TYPE: * / AMOUNT - 5; POSITION [6,5]
STEP-39; EVENT gathering; UNIT EXPLORING ROVER-06b2f681-59fd-4530-ac29-6b71ae8cc188; RESOURCES GATHERED - TYPE: * / AMOUNT - 5; POSITION [6,5]
ROVER MOVING BACK TO BASE;Coordinate[x=7, y=6]
ROVER MOVING BACK TO BASE;Coordinate[x=8, y=7]
ROVER MOVING BACK TO BASE;Coordinate[x=8, y=8]
ROVER MOVING BACK TO BASE;Coordinate[x=9, y=9]
ROVER MOVING BACK TO BASE;Coordinate[x=10, y=10]
ROVER MOVING BACK TO BASE;Coordinate[x=11, y=11]
ROVER MOVING BACK TO BASE;Coordinate[x=12, y=12]
STEP-0; EVENT position; UNIT EXPLORING ROVER-aafc0ac8-53af-4493-ad1c-47d5725e10f3; POSITION [16,7]
STEP-1; EVENT position; UNIT EXPLORING ROVER-aafc0ac8-53af-4493-ad1c-47d5725e10f3; POSITION [15,8]
STEP-2; EVENT position; UNIT EXPLORING ROVER-aafc0ac8-53af-4493-ad1c-47d5725e10f3; POSITION [14,7]
STEP-3; EVENT position; UNIT EXPLORING ROVER-aafc0ac8-53af-4493-ad1c-47d5725e10f3; POSITION [15,7]
STEP-4; EVENT position; UNIT EXPLORING ROVER-aafc0ac8-53af-4493-ad1c-47d5725e10f3; POSITION [14,7]
STEP-5; EVENT position; UNIT EXPLORING ROVER-aafc0ac8-53af-4493-ad1c-47d5725e10f3; POSITION [15,7]
STEP-6; EVENT position; UNIT EXPLORING ROVER-aafc0ac8-53af-4493-ad1c-47d5725e10f3; POSITION [15,8]
STEP-7; EVENT position; UNIT EXPLORING ROVER-aafc0ac8-53af-4493-ad1c-47d5725e10f3; POSITION [14,7]
STEP-8; EVENT position; UNIT EXPLORING ROVER-aafc0ac8-53af-4493-ad1c-47d5725e10f3; POSITION [14,8]
STEP-9; EVENT position; UNIT EXPLORING ROVER-aafc0ac8-53af-4493-ad1c-47d5725e10f3; POSITION [13,7]
STEP-10; EVENT position; UNIT EXPLORING ROVER-aafc0ac8-53af-4493-ad1c-47d5725e10f3; POSITION [14,8]
STEP-11; EVENT position; UNIT EXPLORING ROVER-aafc0ac8-53af-4493-ad1c-47d5725e10f3; POSITION [13,7]
STEP-12; EVENT position; UNIT EXPLORING ROVER-aafc0ac8-53af-4493-ad1c-47d5725e10f3; POSITION [12,6]
STEP-13; EVENT position; UNIT EXPLORING ROVER-aafc0ac8-53af-4493-ad1c-47d5725e10f3; POSITION [11,7]
STEP-14; EVENT position; UNIT EXPLORING ROVER-aafc0ac8-53af-4493-ad1c-47d5725e10f3; POSITION [10,8]
STEP-15; EVENT position; UNIT EXPLORING ROVER-aafc0ac8-53af-4493-ad1c-47d5725e10f3; POSITION [11,8]
STEP-16; EVENT position; UNIT EXPLORING ROVER-aafc0ac8-53af-4493-ad1c-47d5725e10f3; POSITION [12,8]
STEP-17; EVENT position; UNIT EXPLORING ROVER-aafc0ac8-53af-4493-ad1c-47d5725e10f3; POSITION [11,9]
EVENT outcome; OUTCOME COLONIZABLE
STEP-18; EVENT position(move to building spot); UNIT EXPLORING ROVER-aafc0ac8-53af-4493-ad1c-47d5725e10f3; POSITION [11,9]
STEP-19; EVENT position(move to building spot); UNIT EXPLORING ROVER-aafc0ac8-53af-4493-ad1c-47d5725e10f3; POSITION [10,8]
STEP-20; EVENT position(move to building spot); UNIT EXPLORING ROVER-aafc0ac8-53af-4493-ad1c-47d5725e10f3; POSITION [9,7]
STEP-21; EVENT position(move to building spot); UNIT EXPLORING ROVER-aafc0ac8-53af-4493-ad1c-47d5725e10f3; POSITION [10,6]
ROVER MOVING TOWARDS GATHERING LOCATION;Coordinate[x=7, y=2]
ROVER MOVING TOWARDS GATHERING LOCATION;Coordinate[x=7, y=2]
ROVER MOVING TOWARDS GATHERING LOCATION;Coordinate[x=6, y=2]
STEP-25; EVENT gathering; UNIT EXPLORING ROVER-f71244b9-13cb-4e09-a99f-081bef65ed66; RESOURCES GATHERED - TYPE: * / AMOUNT - 5; POSITION [5,3]
STEP-26; EVENT gathering; UNIT EXPLORING ROVER-f71244b9-13cb-4e09-a99f-081bef65ed66; RESOURCES GATHERED - TYPE: * / AMOUNT - 5; POSITION [5,3]
STEP-27; EVENT gathering; UNIT EXPLORING ROVER-f71244b9-13cb-4e09-a99f-081bef65ed66; RESOURCES GATHERED - TYPE: * / AMOUNT - 5; POSITION [5,3]
ROVER MOVING BACK TO BASE;Coordinate[x=6, y=2]
ROVER MOVING BACK TO BASE;Coordinate[x=7, y=2]
ROVER MOVING TOWARDS GATHERING LOCATION;Coordinate[x=7, y=2]
ROVER MOVING TOWARDS GATHERING LOCATION;Coordinate[x=7, y=2]
ROVER MOVING TOWARDS GATHERING LOCATION;Coordinate[x=6, y=2]
STEP-33; EVENT gathering; UNIT EXPLORING ROVER-f71244b9-13cb-4e09-a99f-081bef65ed66; RESOURCES GATHERED - TYPE: * / AMOUNT - 5; POSITION [5,3]
STEP-34; EVENT gathering; UNIT EXPLORING ROVER-f71244b9-13cb-4e09-a99f-081bef65ed66; RESOURCES GATHERED - TYPE: * / AMOUNT - 5; POSITION [5,3]
STEP-35; EVENT gathering; UNIT EXPLORING ROVER-f71244b9-13cb-4e09-a99f-081bef65ed66; RESOURCES GATHERED - TYPE: * / AMOUNT - 5; POSITION [5,3]
ROVER MOVING BACK TO BASE;Coordinate[x=6, y=2]
ROVER MOVING BACK TO BASE;Coordinate[x=7, y=2]
ROVER MOVING TOWARDS GATHERING LOCATION;Coordinate[x=7, y=2]
